2025-09-28T13:13:02.509605+00:00 [NEW] BTCUSDT side=LONG entry=109329.60000000 conf=90
2025-09-28T13:13:03.198590+00:00 [NEW] ETHUSDT side=LONG entry=3979.00000000 conf=90
2025-09-28T13:13:03.923738+00:00 [NEW] BCHUSDT side=LONG entry=537.30000000 conf=90
2025-09-28T13:13:04.842657+00:00 [NEW] XRPUSDT side=LONG entry=2.77010000 conf=90
2025-09-28T13:13:05.627459+00:00 [NEW] LTCUSDT side=LONG entry=103.15000000 conf=90
2025-09-28T13:13:06.418220+00:00 [NEW] TRXUSDT side=LONG entry=0.33592000 conf=90
2025-09-28T13:13:07.316208+00:00 [NEW] ETCUSDT side=LONG entry=17.93000000 conf=90
2025-09-28T13:13:08.035686+00:00 [NEW] ADAUSDT side=LONG entry=0.76610000 conf=90
2025-09-28T13:13:08.767599+00:00 [NEW] XMRUSDT side=SHORT entry=283.87000000 conf=90
2025-09-28T13:13:09.444244+00:00 [NEW] DASHUSDT side=LONG entry=20.67000000 conf=90
2025-09-28T13:13:10.158365+00:00 [NEW] ZECUSDT side=LONG entry=58.26000000 conf=90
2025-09-28T13:13:10.891190+00:00 [NEW] BNBUSDT side=LONG entry=969.82000000 conf=90
2025-09-28T13:13:11.150523+00:00 [CLOSE] trade_id=11 exit=57.45000000 result=SL pnl=-0.013903192584963872
2025-09-28T13:13:11.563615+00:00 [NEW] ONTUSDT side=SHORT entry=0.11530000 conf=90
2025-09-28T13:13:12.305877+00:00 [NEW] BATUSDT side=SHORT entry=0.13730000 conf=90
2025-09-28T13:13:12.652213+00:00 [CLOSE] trade_id=13 exit=0.11580000 result=SL pnl=-0.004336513443191678
2025-09-28T13:13:13.447833+00:00 [CLOSE] trade_id=14 exit=0.13770000 result=SL pnl=-0.0029133284777857517
2025-09-28T13:13:25.014020+00:00 [NEW] IOSTUSDT side=LONG entry=0.00294900 conf=90
2025-09-28T13:13:25.783980+00:00 [NEW] ALGOUSDT side=LONG entry=0.20060000 conf=90
2025-09-28T13:13:26.534779+00:00 [NEW] ZILUSDT side=LONG entry=0.01019000 conf=90
2025-09-28T13:13:39.229084+00:00 [NEW] KNCUSDT side=LONG entry=0.32370000 conf=90
2025-09-28T13:13:40.031608+00:00 [NEW] ZRXUSDT side=LONG entry=0.23110000 conf=90
2025-09-28T13:13:40.781369+00:00 [NEW] KAVAUSDT side=LONG entry=0.31860000 conf=90
2025-09-28T13:13:41.500185+00:00 [NEW] BANDUSDT side=SHORT entry=0.62180000 conf=90
2025-09-28T13:13:42.255135+00:00 [NEW] RLCUSDT side=LONG entry=1.04220000 conf=90
2025-09-28T13:13:42.945172+00:00 [NEW] SNXUSDT side=SHORT entry=1.06000000 conf=90
2025-09-28T13:13:43.369375+00:00 [CLOSE] trade_id=22 exit=1.03750000 result=SL pnl=-0.004509691038188377
2025-09-28T13:13:43.755843+00:00 [NEW] DOTUSDT side=LONG entry=3.81100000 conf=90
2025-09-28T13:13:44.549307+00:00 [NEW] YFIUSDT side=LONG entry=5163.00000000 conf=90
2025-09-28T13:13:45.305480+00:00 [NEW] CRVUSDT side=LONG entry=0.65100000 conf=90
2025-09-28T13:13:46.085299+00:00 [NEW] TRBUSDT side=LONG entry=30.19300000 conf=90
2025-09-28T13:13:46.940786+00:00 [NEW] RUNEUSDT side=LONG entry=1.11400000 conf=90
2025-09-28T13:13:47.613953+00:00 [NEW] SUSHIUSDT side=LONG entry=0.64280000 conf=90
2025-09-28T13:13:48.322577+00:00 [NEW] SOLUSDT side=LONG entry=198.66000000 conf=90
2025-09-28T13:13:49.038904+00:00 [NEW] UNIUSDT side=LONG entry=7.42800000 conf=90
2025-09-28T13:13:49.758641+00:00 [NEW] AVAXUSDT side=LONG entry=28.06700000 conf=90
2025-09-28T13:13:50.476279+00:00 [NEW] ENJUSDT side=LONG entry=0.05914000 conf=90
2025-09-28T13:13:51.146031+00:00 [NEW] FLMUSDT side=LONG entry=0.02520000 conf=90
2025-09-28T13:13:51.911052+00:00 [NEW] KSMUSDT side=LONG entry=13.83200000 conf=90
2025-09-28T13:13:52.253555+00:00 [CLOSE] trade_id=34 exit=0.02510000 result=SL pnl=-0.003968253968253945
2025-09-28T13:13:52.650784+00:00 [NEW] FILUSDT side=LONG entry=2.13100000 conf=90
2025-09-28T13:13:53.557317+00:00 [NEW] RSRUSDT side=LONG entry=0.00543300 conf=90
2025-09-28T13:13:54.354212+00:00 [NEW] LRCUSDT side=LONG entry=0.08016000 conf=90
2025-09-28T13:13:55.119251+00:00 [NEW] BELUSDT side=LONG entry=0.23320000 conf=90
2025-09-28T13:13:55.907006+00:00 [NEW] ZENUSDT side=LONG entry=6.28600000 conf=90
2025-09-28T13:13:56.607783+00:00 [NEW] SKLUSDT side=LONG entry=0.02605000 conf=90
2025-09-28T13:14:01.089839+00:00 [CLOSE] trade_id=41 exit=0.02593000 result=SL pnl=-0.004606525911708199
2025-09-28T13:14:01.383394+00:00 [NEW] ZECUSDT side=LONG entry=57.78000000 conf=90
2025-09-28T13:14:02.119028+00:00 [NEW] ONTUSDT side=SHORT entry=0.11540000 conf=90
2025-09-28T13:14:02.431314+00:00 [CLOSE] trade_id=42 exit=57.48000000 result=SL pnl=-0.005192107995846388
2025-09-28T13:14:02.847134+00:00 [NEW] BATUSDT side=SHORT entry=0.13740000 conf=90
2025-09-28T13:14:03.563175+00:00 [NEW] RLCUSDT side=LONG entry=1.03360000 conf=90
2025-09-28T13:14:03.768942+00:00 [CLOSE] trade_id=44 exit=0.13770000 result=SL pnl=-0.0021834061135370796
2025-09-28T13:14:04.311798+00:00 [NEW] FLMUSDT side=LONG entry=0.02510000 conf=90
2025-09-28T13:14:05.092837+00:00 [NEW] SKLUSDT side=LONG entry=0.02591000 conf=90
2025-09-28T13:14:05.952571+00:00 [NEW] 1INCHUSDT side=LONG entry=0.23300000 conf=90
2025-09-28T13:14:06.780234+00:00 [NEW] SANDUSDT side=LONG entry=0.25791000 conf=90
2025-09-28T13:14:09.303151+00:00 [NEW] 1INCHUSDT side=LONG entry=0.23260000 conf=90
2025-09-28T13:14:10.152972+00:00 [NEW] SFPUSDT side=SHORT entry=0.47040000 conf=90
2025-09-28T13:14:10.915078+00:00 [NEW] COTIUSDT side=LONG entry=0.04294000 conf=90
2025-09-28T13:14:11.634383+00:00 [NEW] CHRUSDT side=LONG entry=0.08040000 conf=90
2025-09-28T13:14:12.475152+00:00 [NEW] ALICEUSDT side=LONG entry=0.30500000 conf=90
2025-09-28T13:14:13.185583+00:00 [NEW] DENTUSDT side=LONG entry=0.00061300 conf=90
2025-09-28T13:14:13.861488+00:00 [NEW] NKNUSDT side=LONG entry=0.02313000 conf=90
2025-09-28T13:14:14.577335+00:00 [NEW] BAKEUSDT side=LONG entry=0.04680000 conf=90
2025-09-28T13:14:15.246683+00:00 [CLOSE] trade_id=43 exit=0.11570000 result=SL pnl=-0.0025996533795493476
2025-09-28T13:14:15.351572+00:00 [NEW] BTCDOMUSDT side=SHORT entry=4053.00000000 conf=90
2025-09-28T13:14:16.152934+00:00 [NEW] IOTXUSDT side=SHORT entry=0.02352000 conf=90
2025-09-28T13:14:16.914827+00:00 [NEW] C98USDT side=LONG entry=0.04610000 conf=90
2025-09-28T13:14:17.646955+00:00 [NEW] MASKUSDT side=SHORT entry=1.20500000 conf=90
2025-09-28T13:14:19.511524+00:00 [NEW] SFPUSDT side=SHORT entry=0.47100000 conf=90
2025-09-28T13:14:20.243410+00:00 [NEW] ATAUSDT side=SHORT entry=0.03730000 conf=90
2025-09-28T13:14:21.454212+00:00 [CLOSE] trade_id=63 exit=0.03740000 result=SL pnl=-0.00268096514745316
2025-09-28T13:14:23.551069+00:00 [CLOSE] trade_id=54 exit=0.30400000 result=SL pnl=-0.003278688524590167
2025-09-28T13:14:30.618623+00:00 [NEW] ATAUSDT side=SHORT entry=0.03730000 conf=90
2025-09-28T13:14:31.911372+00:00 [NEW] 1000XECUSDT side=LONG entry=0.01717000 conf=90
2025-09-28T13:14:32.053030+00:00 [CLOSE] trade_id=64 exit=0.03750000 result=SL pnl=-0.005361930294906134
2025-09-28T13:14:32.650857+00:00 [NEW] ARUSDT side=LONG entry=5.56200000 conf=90
2025-09-28T13:14:32.986896+00:00 [NEW] 1000XECUSDT side=LONG entry=0.01717000 conf=90
2025-09-28T13:14:33.352463+00:00 [NEW] ARPAUSDT side=LONG entry=0.02065000 conf=90
2025-09-28T13:14:33.750276+00:00 [NEW] ARPAUSDT side=LONG entry=0.02065000 conf=90
2025-09-28T13:14:34.044864+00:00 [NEW] CTSIUSDT side=LONG entry=0.07480000 conf=90
2025-09-28T13:14:34.416281+00:00 [NEW] CTSIUSDT side=LONG entry=0.07490000 conf=90
2025-09-28T13:14:34.737344+00:00 [NEW] PEOPLEUSDT side=LONG entry=0.01622000 conf=90
2025-09-28T13:14:34.997112+00:00 [CLOSE] trade_id=70 exit=0.07410000 result=SL pnl=-0.009358288770053558
2025-09-28T13:14:35.138519+00:00 [NEW] PEOPLEUSDT side=LONG entry=0.01621000 conf=90
2025-09-28T13:14:35.528131+00:00 [NEW] ROSEUSDT side=LONG entry=0.02502000 conf=90
2025-09-28T13:14:35.640648+00:00 [CLOSE] trade_id=71 exit=0.07410000 result=SL pnl=-0.010680907877169495
2025-09-28T13:14:36.219557+00:00 [NEW] DUSKUSDT side=LONG entry=0.05225000 conf=90
2025-09-28T13:14:36.879599+00:00 [NEW] FLOWUSDT side=LONG entry=0.34200000 conf=90
2025-09-28T13:14:37.536876+00:00 [NEW] API3USDT side=LONG entry=0.74690000 conf=90
2025-09-28T13:14:47.836549+00:00 [NEW] ROSEUSDT side=LONG entry=0.02502000 conf=90
2025-09-28T13:14:49.856342+00:00 [NEW] ZECUSDT side=LONG entry=57.82000000 conf=90
2025-09-28T13:14:50.267926+00:00 [NEW] GMTUSDT side=LONG entry=0.03727000 conf=90
2025-09-28T13:14:50.621106+00:00 [NEW] ONTUSDT side=SHORT entry=0.11540000 conf=90
2025-09-28T13:14:51.153092+00:00 [NEW] APEUSDT side=LONG entry=0.51020000 conf=90
2025-09-28T13:14:51.339525+00:00 [NEW] BATUSDT side=SHORT entry=0.13740000 conf=90
2025-09-28T13:14:51.924476+00:00 [NEW] WOOUSDT side=LONG entry=0.06851000 conf=90
2025-09-28T13:14:52.149747+00:00 [NEW] ALICEUSDT side=LONG entry=0.30500000 conf=90
2025-09-28T13:14:52.938633+00:00 [NEW] ATAUSDT side=SHORT entry=0.03750000 conf=90
2025-09-28T13:14:53.739702+00:00 [NEW] CTSIUSDT side=LONG entry=0.07500000 conf=90
2025-09-28T13:14:54.573433+00:00 [NEW] JASMYUSDT side=LONG entry=0.01189200 conf=90
2025-09-28T13:14:55.301996+00:00 [NEW] OPUSDT side=LONG entry=0.65630000 conf=90
2025-09-28T13:14:56.059006+00:00 [NEW] INJUSDT side=LONG entry=11.54700000 conf=90
2025-09-28T13:14:56.798641+00:00 [NEW] STGUSDT side=SHORT entry=0.19560000 conf=90
2025-09-28T13:14:57.596439+00:00 [NEW] LUNA2USDT side=LONG entry=0.13700000 conf=90
2025-09-28T13:14:58.278368+00:00 [NEW] LDOUSDT side=LONG entry=1.06550000 conf=90
2025-09-28T13:14:59.107761+00:00 [NEW] APTUSDT side=LONG entry=4.08580000 conf=90
2025-09-28T13:14:59.849885+00:00 [NEW] MAGICUSDT side=LONG entry=0.17090000 conf=90
2025-09-28T13:15:00.851686+00:00 [NEW] GMTUSDT side=LONG entry=0.03727000 conf=90
2025-09-28T13:15:00.879280+00:00 [NEW] TUSDT side=LONG entry=0.01463000 conf=90
2025-09-28T13:15:02.182167+00:00 [NEW] HIGHUSDT side=LONG entry=0.45740000 conf=90
2025-09-28T13:15:02.314202+00:00 [NEW] TUSDT side=LONG entry=0.01464000 conf=90
2025-09-28T13:15:03.133753+00:00 [NEW] ASTRUSDT side=LONG entry=0.02227100 conf=90
2025-09-28T13:15:03.818939+00:00 [NEW] PHBUSDT side=LONG entry=0.49900000 conf=90
2025-09-28T13:15:04.596558+00:00 [NEW] GMXUSDT side=SHORT entry=15.82600000 conf=90
2025-09-28T13:15:04.708298+00:00 [NEW] JASMYUSDT side=LONG entry=0.01189000 conf=90
2025-09-28T13:15:06.478413+00:00 [NEW] STXUSDT side=LONG entry=0.56210000 conf=90
2025-09-28T13:15:07.224674+00:00 [NEW] ACHUSDT side=LONG entry=0.01758900 conf=90
2025-09-28T13:15:07.928557+00:00 [NEW] SSVUSDT side=LONG entry=7.15200000 conf=90
2025-09-28T13:15:08.712716+00:00 [NEW] SSVUSDT side=LONG entry=7.16200000 conf=90
2025-09-28T13:15:08.766405+00:00 [NEW] PERPUSDT side=LONG entry=0.28940000 conf=90
2025-09-28T13:15:09.614203+00:00 [NEW] PERPUSDT side=LONG entry=0.28930000 conf=90
2025-09-28T13:15:09.694241+00:00 [NEW] TRUUSDT side=LONG entry=0.02649000 conf=90
2025-09-28T13:15:10.837660+00:00 [NEW] TRUUSDT side=LONG entry=0.02652000 conf=90
2025-09-28T13:15:10.889052+00:00 [NEW] LQTYUSDT side=LONG entry=0.67830000 conf=90
2025-09-28T13:15:11.596455+00:00 [NEW] LQTYUSDT side=LONG entry=0.67990000 conf=90
2025-09-28T13:15:11.688323+00:00 [NEW] USDCUSDT side=LONG entry=0.99893600 conf=90
2025-09-28T13:15:12.369966+00:00 [NEW] USDCUSDT side=LONG entry=0.99893600 conf=90
2025-09-28T13:15:12.467789+00:00 [NEW] IDUSDT side=LONG entry=0.14129000 conf=90
2025-09-28T13:15:13.158315+00:00 [NEW] IDUSDT side=LONG entry=0.14143000 conf=90
2025-09-28T13:15:13.272504+00:00 [NEW] TLMUSDT side=LONG entry=0.00397300 conf=90
2025-09-28T13:15:14.188197+00:00 [NEW] TLMUSDT side=LONG entry=0.00397800 conf=90
2025-09-28T13:15:14.322785+00:00 [NEW] RDNTUSDT side=LONG entry=0.01910000 conf=90
2025-09-28T13:15:15.056152+00:00 [NEW] RDNTUSDT side=LONG entry=0.01912000 conf=90
2025-09-28T13:15:15.098973+00:00 [NEW] ASTRUSDT side=LONG entry=0.02227000 conf=90
2025-09-28T13:15:15.135991+00:00 [NEW] XVSUSDT side=LONG entry=5.97000000 conf=90
2025-09-28T13:15:15.916254+00:00 [NEW] XVSUSDT side=LONG entry=5.98200000 conf=90
2025-09-28T13:15:15.968321+00:00 [NEW] XVSUSDT side=LONG entry=5.97600000 conf=90
2025-09-28T13:15:16.007971+00:00 [NEW] 1000PEPEUSDT side=LONG entry=0.00909410 conf=90
2025-09-28T13:15:16.778653+00:00 [NEW] 1000PEPEUSDT side=LONG entry=0.00910750 conf=90
2025-09-28T13:15:16.864365+00:00 [NEW] 1000PEPEUSDT side=LONG entry=0.00910450 conf=90
2025-09-28T13:15:16.910181+00:00 [NEW] UMAUSDT side=LONG entry=1.17300000 conf=90
2025-09-28T13:15:17.363204+00:00 [NEW] STXUSDT side=LONG entry=0.56230000 conf=90
2025-09-28T13:15:17.599949+00:00 [NEW] UMAUSDT side=LONG entry=1.17400000 conf=90
2025-09-28T13:15:17.762077+00:00 [NEW] UMAUSDT side=LONG entry=1.17400000 conf=90
2025-09-28T13:15:17.840663+00:00 [NEW] NMRUSDT side=LONG entry=16.16300000 conf=90
2025-09-28T13:15:18.592578+00:00 [NEW] NMRUSDT side=LONG entry=16.13800000 conf=90
2025-09-28T13:15:18.878116+00:00 [NEW] NMRUSDT side=LONG entry=16.13500000 conf=90
2025-09-28T13:15:19.000090+00:00 [NEW] NMRUSDT side=LONG entry=16.13200000 conf=90
2025-09-28T13:15:19.048229+00:00 [NEW] MAVUSDT side=LONG entry=0.05693000 conf=90
2025-09-28T13:15:19.344281+00:00 [NEW] MAVUSDT side=LONG entry=0.05682000 conf=90
2025-09-28T13:15:19.708929+00:00 [NEW] MAVUSDT side=LONG entry=0.05688000 conf=90
2025-09-28T13:15:19.857859+00:00 [NEW] MAVUSDT side=LONG entry=0.05681000 conf=90
2025-09-28T13:15:19.903774+00:00 [NEW] WLDUSDT side=LONG entry=1.24350000 conf=90
2025-09-28T13:15:20.114185+00:00 [NEW] WLDUSDT side=LONG entry=1.24290000 conf=90
2025-09-28T13:15:20.519010+00:00 [NEW] WLDUSDT side=LONG entry=1.24470000 conf=90
2025-09-28T13:15:20.793094+00:00 [NEW] AGLDUSDT side=LONG entry=0.55000000 conf=90
2025-09-28T13:15:20.851852+00:00 [NEW] WLDUSDT side=LONG entry=1.24370000 conf=90
2025-09-28T13:15:20.951789+00:00 [NEW] AGLDUSDT side=LONG entry=0.55040000 conf=90
2025-09-28T13:15:21.211806+00:00 [NEW] AGLDUSDT side=LONG entry=0.55060000 conf=90
2025-09-28T13:15:21.630970+00:00 [NEW] YGGUSDT side=LONG entry=0.15330000 conf=90
2025-09-28T13:15:21.752826+00:00 [NEW] YGGUSDT side=LONG entry=0.15350000 conf=90
2025-09-28T13:15:21.903160+00:00 [NEW] YGGUSDT side=LONG entry=0.15340000 conf=90
2025-09-28T13:15:22.110187+00:00 [NEW] YGGUSDT side=LONG entry=0.15360000 conf=90
2025-09-28T13:15:22.636139+00:00 [NEW] DODOXUSDT side=LONG entry=0.04293300 conf=90
2025-09-28T13:15:22.841795+00:00 [NEW] DODOXUSDT side=LONG entry=0.04300100 conf=90
2025-09-28T13:15:22.877522+00:00 [NEW] DODOXUSDT side=LONG entry=0.04296600 conf=90
2025-09-28T13:15:22.957387+00:00 [NEW] DODOXUSDT side=LONG entry=0.04304000 conf=90
2025-09-28T13:15:23.954402+00:00 [NEW] BNTUSDT side=LONG entry=0.63516000 conf=90
2025-09-28T13:15:24.282726+00:00 [NEW] BNTUSDT side=LONG entry=0.63536000 conf=90
2025-09-28T13:15:24.311748+00:00 [NEW] BNTUSDT side=LONG entry=0.63534000 conf=90
2025-09-28T13:15:24.357875+00:00 [NEW] BNTUSDT side=LONG entry=0.63569000 conf=90
2025-09-28T13:15:24.699343+00:00 [NEW] OXTUSDT side=SHORT entry=0.04526000 conf=90
2025-09-28T13:15:25.098884+00:00 [NEW] OXTUSDT side=SHORT entry=0.04529000 conf=90
2025-09-28T13:15:25.135802+00:00 [NEW] CYBERUSDT side=LONG entry=1.50000000 conf=90
2025-09-28T13:15:25.152277+00:00 [NEW] OXTUSDT side=SHORT entry=0.04530000 conf=90
2025-09-28T13:15:25.444830+00:00 [NEW] CYBERUSDT side=LONG entry=1.50000000 conf=90
2025-09-28T13:15:26.060323+00:00 [NEW] CYBERUSDT side=LONG entry=1.50100000 conf=90
2025-09-28T13:15:26.192027+00:00 [NEW] HIFIUSDT side=LONG entry=0.19437000 conf=90
2025-09-28T13:15:26.243247+00:00 [NEW] HIFIUSDT side=LONG entry=0.19360000 conf=90
2025-09-28T13:15:26.607305+00:00 [NEW] HIFIUSDT side=LONG entry=0.19521000 conf=90
2025-09-28T13:15:27.464285+00:00 [NEW] HIFIUSDT side=LONG entry=0.19099000 conf=90
2025-09-28T13:15:27.636502+00:00 [NEW] ARKUSDT side=LONG entry=0.41000000 conf=90
2025-09-28T13:15:27.676517+00:00 [NEW] ARKUSDT side=LONG entry=0.40970000 conf=90
2025-09-28T13:15:27.788138+00:00 [NEW] ARKUSDT side=LONG entry=0.41000000 conf=90
2025-09-28T13:15:27.984317+00:00 [NEW] ARKUSDT side=LONG entry=0.40960000 conf=90
2025-09-28T13:15:29.128005+00:00 [NEW] ARKUSDT side=LONG entry=0.40980000 conf=90
2025-09-28T13:15:29.260056+00:00 [NEW] BICOUSDT side=LONG entry=0.08932000 conf=90
2025-09-28T13:15:29.300091+00:00 [NEW] BICOUSDT side=LONG entry=0.08925000 conf=90
2025-09-28T13:15:29.412099+00:00 [NEW] BICOUSDT side=LONG entry=0.08920000 conf=90
2025-09-28T13:15:29.687560+00:00 [NEW] BICOUSDT side=LONG entry=0.08933000 conf=90
2025-09-28T13:15:30.080327+00:00 [NEW] BICOUSDT side=LONG entry=0.08930000 conf=90
2025-09-28T13:15:30.218397+00:00 [NEW] BSVUSDT side=LONG entry=22.79000000 conf=90
2025-09-28T13:15:30.249024+00:00 [NEW] BSVUSDT side=LONG entry=22.80000000 conf=90
2025-09-28T13:15:30.354048+00:00 [NEW] BSVUSDT side=LONG entry=22.77000000 conf=90
2025-09-28T13:15:30.501344+00:00 [NEW] BSVUSDT side=LONG entry=22.80000000 conf=90
2025-09-28T13:15:30.920266+00:00 [NEW] BSVUSDT side=LONG entry=22.79000000 conf=90
2025-09-28T13:15:31.161793+00:00 [NEW] RIFUSDT side=LONG entry=0.05479000 conf=90
2025-09-28T13:15:31.197290+00:00 [NEW] RIFUSDT side=LONG entry=0.05478000 conf=90
2025-09-28T13:15:31.268068+00:00 [NEW] RIFUSDT side=LONG entry=0.05475000 conf=90
2025-09-28T13:15:31.374155+00:00 [NEW] RIFUSDT side=LONG entry=0.05480000 conf=90
2025-09-28T13:15:31.853048+00:00 [NEW] RIFUSDT side=LONG entry=0.05478000 conf=90
2025-09-28T13:15:32.234165+00:00 [NEW] POWRUSDT side=SHORT entry=0.13880000 conf=90
2025-09-28T13:15:32.304849+00:00 [NEW] POWRUSDT side=SHORT entry=0.13880000 conf=90
2025-09-28T13:15:32.357544+00:00 [NEW] POWRUSDT side=LONG entry=0.13850000 conf=90
2025-09-28T13:15:32.389977+00:00 [NEW] POWRUSDT side=SHORT entry=0.13890000 conf=90
2025-09-28T13:15:32.739308+00:00 [NEW] POWRUSDT side=LONG entry=0.13860000 conf=90
2025-09-28T13:15:33.822376+00:00 [NEW] TIAUSDT side=LONG entry=1.38300000 conf=90
2025-09-28T13:15:33.989640+00:00 [NEW] TIAUSDT side=LONG entry=1.38590000 conf=90
2025-09-28T13:15:34.085227+00:00 [NEW] TIAUSDT side=LONG entry=1.38430000 conf=90
2025-09-28T13:15:35.032966+00:00 [NEW] CAKEUSDT side=SHORT entry=2.54100000 conf=90
2025-09-28T13:15:35.163503+00:00 [NEW] CAKEUSDT side=SHORT entry=2.54580000 conf=90
2025-09-28T13:15:35.196961+00:00 [NEW] CAKEUSDT side=SHORT entry=2.54370000 conf=90
2025-09-28T13:15:35.822408+00:00 [NEW] MEMEUSDT side=LONG entry=0.00228900 conf=90
2025-09-28T13:15:36.015504+00:00 [NEW] MEMEUSDT side=LONG entry=0.00229500 conf=90
2025-09-28T13:15:36.205421+00:00 [NEW] MEMEUSDT side=LONG entry=0.00229200 conf=90
2025-09-28T13:15:37.724304+00:00 [NEW] TWTUSDT side=LONG entry=1.28130000 conf=90
2025-09-28T13:15:38.107999+00:00 [NEW] TWTUSDT side=LONG entry=1.28160000 conf=90
2025-09-28T13:15:38.569044+00:00 [NEW] TOKENUSDT side=LONG entry=0.01183000 conf=90
2025-09-28T13:15:38.910068+00:00 [NEW] TOKENUSDT side=LONG entry=0.01182000 conf=90
2025-09-28T13:15:39.281185+00:00 [NEW] ORDIUSDT side=LONG entry=7.88900000 conf=90
2025-09-28T13:15:39.687333+00:00 [NEW] ORDIUSDT side=SHORT entry=7.87700000 conf=90
2025-09-28T13:15:40.017045+00:00 [NEW] STEEMUSDT side=LONG entry=0.11513000 conf=90
2025-09-28T13:15:40.638146+00:00 [NEW] BICOUSDT side=LONG entry=0.08926000 conf=90
2025-09-28T13:15:40.690605+00:00 [NEW] STEEMUSDT side=LONG entry=0.11506000 conf=90
2025-09-28T13:15:41.083467+00:00 [NEW] ILVUSDT side=LONG entry=12.42300000 conf=90
2025-09-28T13:15:43.932469+00:00 [NEW] ILVUSDT side=LONG entry=12.42000000 conf=90
2025-09-28T13:15:44.098995+00:00 [NEW] ILVUSDT side=LONG entry=12.41400000 conf=90
2025-09-28T13:15:44.612512+00:00 [NEW] NTRNUSDT side=LONG entry=0.07958000 conf=90
2025-09-28T13:15:46.303232+00:00 [NEW] NTRNUSDT side=LONG entry=0.07957000 conf=90
2025-09-28T13:15:46.326872+00:00 [NEW] NTRNUSDT side=LONG entry=0.07952000 conf=90
2025-09-28T13:15:46.350042+00:00 [NEW] TIAUSDT side=LONG entry=1.38470000 conf=90
2025-09-28T13:15:46.378996+00:00 [NEW] TIAUSDT side=LONG entry=1.38500000 conf=90
2025-09-28T13:15:46.443816+00:00 [NEW] KASUSDT side=SHORT entry=0.07486000 conf=90
2025-09-28T13:15:47.315608+00:00 [NEW] KASUSDT side=SHORT entry=0.07477000 conf=90
2025-09-28T13:15:47.338350+00:00 [NEW] KASUSDT side=SHORT entry=0.07471000 conf=90
2025-09-28T13:15:47.373480+00:00 [NEW] KASUSDT side=SHORT entry=0.07483000 conf=90
2025-09-28T13:15:47.426846+00:00 [NEW] KASUSDT side=SHORT entry=0.07481000 conf=90
2025-09-28T13:15:47.449988+00:00 [NEW] SUPERUSDT side=LONG entry=0.51150000 conf=90
2025-09-28T13:15:50.170177+00:00 [NEW] SUPERUSDT side=LONG entry=0.51060000 conf=90
2025-09-28T13:15:50.228345+00:00 [NEW] SUPERUSDT side=LONG entry=0.51090000 conf=90
2025-09-28T13:15:50.354694+00:00 [NEW] SUPERUSDT side=LONG entry=0.51090000 conf=90
2025-09-28T13:15:50.759209+00:00 [NEW] USTCUSDT side=LONG entry=0.01096900 conf=90
2025-09-28T13:15:50.900115+00:00 [NEW] SUPERUSDT side=LONG entry=0.51090000 conf=90
2025-09-28T13:15:51.416406+00:00 [NEW] TWTUSDT side=LONG entry=1.28210000 conf=90
2025-09-28T13:15:53.047191+00:00 [NEW] USTCUSDT side=LONG entry=0.01096000 conf=90
2025-09-28T13:15:53.099847+00:00 [NEW] USTCUSDT side=LONG entry=0.01094600 conf=90
2025-09-28T13:15:53.202097+00:00 [NEW] ONGUSDT side=SHORT entry=0.14728000 conf=90
2025-09-28T13:15:53.231595+00:00 [NEW] ONGUSDT side=SHORT entry=0.14747000 conf=90
2025-09-28T13:15:53.278276+00:00 [NEW] ONGUSDT side=SHORT entry=0.14721000 conf=90
2025-09-28T13:15:53.629357+00:00 [NEW] ONGUSDT side=SHORT entry=0.14740000 conf=90
2025-09-28T13:15:54.068327+00:00 [NEW] ONGUSDT side=SHORT entry=0.14736000 conf=90
2025-09-28T13:15:54.125800+00:00 [NEW] ONGUSDT side=SHORT entry=0.14721000 conf=90
2025-09-28T13:15:54.238499+00:00 [NEW] JTOUSDT side=LONG entry=1.57030000 conf=90
2025-09-28T13:15:54.326555+00:00 [NEW] JTOUSDT side=LONG entry=1.56680000 conf=90
2025-09-28T13:15:55.343576+00:00 [NEW] JTOUSDT side=LONG entry=1.56980000 conf=90
2025-09-28T13:15:57.498437+00:00 [NEW] JTOUSDT side=LONG entry=1.57110000 conf=90
2025-09-28T13:15:57.600474+00:00 [NEW] JTOUSDT side=LONG entry=1.56830000 conf=90
2025-09-28T13:15:58.275201+00:00 [NEW] 1000SATSUSDT side=SHORT entry=0.00003940 conf=90
2025-09-28T13:15:58.606026+00:00 [NEW] 1000SATSUSDT side=SHORT entry=0.00003960 conf=90
2025-09-28T13:15:59.639926+00:00 [NEW] 1000SATSUSDT side=SHORT entry=0.00003940 conf=90
2025-09-28T13:16:00.515774+00:00 [NEW] 1000SATSUSDT side=SHORT entry=0.00003950 conf=90
2025-09-28T13:16:00.774246+00:00 [NEW] 1000SATSUSDT side=SHORT entry=0.00003930 conf=90
2025-09-28T13:16:00.913026+00:00 [NEW] AUCTIONUSDT side=LONG entry=8.34900000 conf=90
2025-09-28T13:16:00.948145+00:00 [NEW] AUCTIONUSDT side=LONG entry=8.35900000 conf=90
2025-09-28T13:16:01.583430+00:00 [NEW] AUCTIONUSDT side=LONG entry=8.34500000 conf=90
2025-09-28T13:16:01.631688+00:00 [NEW] AUCTIONUSDT side=LONG entry=8.35800000 conf=90
2025-09-28T13:16:01.874292+00:00 [NEW] AUCTIONUSDT side=LONG entry=8.35400000 conf=90
2025-09-28T13:16:01.943863+00:00 [NEW] AUCTIONUSDT side=LONG entry=8.34800000 conf=90
2025-09-28T13:16:01.980851+00:00 [NEW] 1000RATSUSDT side=SHORT entry=0.02637000 conf=90
2025-09-28T13:16:02.026246+00:00 [NEW] 1000RATSUSDT side=SHORT entry=0.02635000 conf=90
2025-09-28T13:16:02.525004+00:00 [NEW] 1000RATSUSDT side=SHORT entry=0.02629000 conf=90
2025-09-28T13:16:02.741878+00:00 [NEW] 1000RATSUSDT side=SHORT entry=0.02633000 conf=90
2025-09-28T13:16:04.445053+00:00 [NEW] 1000RATSUSDT side=SHORT entry=0.02632000 conf=90
2025-09-28T13:16:04.742205+00:00 [NEW] 1000RATSUSDT side=SHORT entry=0.02631000 conf=90
2025-09-28T13:16:04.943984+00:00 [NEW] ACEUSDT side=LONG entry=0.45090000 conf=90
2025-09-28T13:16:04.998530+00:00 [NEW] ACEUSDT side=LONG entry=0.45190000 conf=90
2025-09-28T13:16:05.468540+00:00 [NEW] USTCUSDT side=LONG entry=0.01095500 conf=90
2025-09-28T13:16:06.110011+00:00 [NEW] ACEUSDT side=LONG entry=0.45140000 conf=90
2025-09-28T13:16:06.296673+00:00 [NEW] ACEUSDT side=LONG entry=0.45240000 conf=90
2025-09-28T13:16:07.050434+00:00 [NEW] ACEUSDT side=LONG entry=0.45220000 conf=90
2025-09-28T13:16:07.184067+00:00 [NEW] ACEUSDT side=LONG entry=0.45140000 conf=90
2025-09-28T13:16:07.277973+00:00 [NEW] MOVRUSDT side=LONG entry=5.26500000 conf=90
2025-09-28T13:16:07.322252+00:00 [NEW] JTOUSDT side=LONG entry=1.57150000 conf=90
2025-09-28T13:16:07.347167+00:00 [NEW] MOVRUSDT side=LONG entry=5.26200000 conf=90
2025-09-28T13:16:07.388435+00:00 [NEW] MOVRUSDT side=LONG entry=5.26900000 conf=90
2025-09-28T13:16:07.454428+00:00 [NEW] MOVRUSDT side=LONG entry=5.26700000 conf=90
2025-09-28T13:16:07.499059+00:00 [NEW] MOVRUSDT side=LONG entry=5.26000000 conf=90
2025-09-28T13:16:07.927186+00:00 [NEW] MOVRUSDT side=LONG entry=5.26800000 conf=90
2025-09-28T13:16:08.226703+00:00 [NEW] MOVRUSDT side=LONG entry=5.26200000 conf=90
2025-09-28T13:16:08.308925+00:00 [NEW] NFPUSDT side=LONG entry=0.05957000 conf=90
2025-09-28T13:16:08.396991+00:00 [NEW] NFPUSDT side=LONG entry=0.05970000 conf=90
2025-09-28T13:16:08.519516+00:00 [NEW] NFPUSDT side=LONG entry=0.05951000 conf=90
2025-09-28T13:16:08.629300+00:00 [NEW] NFPUSDT side=LONG entry=0.05957000 conf=90
2025-09-28T13:16:08.708024+00:00 [NEW] NFPUSDT side=LONG entry=0.05965000 conf=90
2025-09-28T13:16:09.318050+00:00 [NEW] NFPUSDT side=LONG entry=0.05962000 conf=90
2025-09-28T13:16:10.013885+00:00 [NEW] NFPUSDT side=LONG entry=0.05950000 conf=90
2025-09-28T13:16:10.255142+00:00 [NEW] AIUSDT side=LONG entry=0.11754000 conf=90
2025-09-28T13:16:10.323363+00:00 [NEW] AIUSDT side=LONG entry=0.11776000 conf=90
2025-09-28T13:16:10.516158+00:00 [NEW] AIUSDT side=LONG entry=0.11741000 conf=90
2025-09-28T13:16:10.683665+00:00 [NEW] AIUSDT side=LONG entry=0.11752000 conf=90
2025-09-28T13:16:10.854398+00:00 [NEW] AIUSDT side=LONG entry=0.11760000 conf=90
2025-09-28T13:16:11.683160+00:00 [NEW] AIUSDT side=LONG entry=0.11753000 conf=90
2025-09-28T13:16:11.918036+00:00 [NEW] AIUSDT side=LONG entry=0.11744000 conf=90
2025-09-28T13:16:12.076290+00:00 [NEW] XAIUSDT side=LONG entry=0.04002000 conf=90
2025-09-28T13:16:12.162363+00:00 [NEW] XAIUSDT side=LONG entry=0.04010000 conf=90
2025-09-28T13:16:12.199808+00:00 [NEW] XAIUSDT side=LONG entry=0.03996000 conf=90
2025-09-28T13:16:12.241859+00:00 [NEW] XAIUSDT side=LONG entry=0.03999000 conf=90
2025-09-28T13:16:12.281992+00:00 [NEW] XAIUSDT side=LONG entry=0.04007000 conf=90
2025-09-28T13:16:12.518844+00:00 [NEW] XAIUSDT side=LONG entry=0.04004000 conf=90
2025-09-28T13:16:13.038785+00:00 [NEW] MANTAUSDT side=LONG entry=0.17320000 conf=90
2025-09-28T13:16:13.195726+00:00 [NEW] MANTAUSDT side=LONG entry=0.17350000 conf=90
2025-09-28T13:16:13.219313+00:00 [NEW] MANTAUSDT side=LONG entry=0.17300000 conf=90
2025-09-28T13:16:13.283354+00:00 [NEW] MANTAUSDT side=LONG entry=0.17310000 conf=90
2025-09-28T13:16:13.308873+00:00 [NEW] MANTAUSDT side=LONG entry=0.17340000 conf=90
2025-09-28T13:16:13.451221+00:00 [NEW] MANTAUSDT side=LONG entry=0.17330000 conf=90
2025-09-28T13:16:14.238874+00:00 [NEW] ZETAUSDT side=SHORT entry=0.16180000 conf=90
2025-09-28T13:16:14.306958+00:00 [NEW] ZETAUSDT side=SHORT entry=0.16200000 conf=90
2025-09-28T13:16:14.335780+00:00 [NEW] ZETAUSDT side=SHORT entry=0.16150000 conf=90
2025-09-28T13:16:14.416125+00:00 [NEW] ZETAUSDT side=SHORT entry=0.16180000 conf=90
2025-09-28T13:16:14.531179+00:00 [NEW] ZETAUSDT side=SHORT entry=0.16190000 conf=90
2025-09-28T13:16:14.829634+00:00 [NEW] ZETAUSDT side=SHORT entry=0.16180000 conf=90
2025-09-28T13:16:25.448846+00:00 [NEW] RONINUSDT side=LONG entry=0.45220000 conf=90
2025-09-28T13:16:26.130209+00:00 [NEW] RONINUSDT side=LONG entry=0.45220000 conf=90
2025-09-28T13:16:26.189392+00:00 [NEW] RONINUSDT side=LONG entry=0.45170000 conf=90
2025-09-28T13:16:26.270498+00:00 [NEW] RONINUSDT side=LONG entry=0.45290000 conf=90
2025-09-28T13:16:29.392122+00:00 [NEW] RONINUSDT side=LONG entry=0.45210000 conf=90
2025-09-28T13:16:29.456217+00:00 [NEW] RONINUSDT side=LONG entry=0.45270000 conf=90
2025-09-28T13:16:31.479945+00:00 [NEW] RONINUSDT side=LONG entry=0.45240000 conf=90
2025-09-28T13:16:35.000742+00:00 [NEW] NFPUSDT side=LONG entry=0.05957000 conf=90
2025-09-28T13:16:37.391019+00:00 [NEW] XAIUSDT side=LONG entry=0.03998000 conf=90
2025-09-28T13:16:38.067527+00:00 [NEW] DYMUSDT side=LONG entry=0.17110000 conf=90
2025-09-28T13:16:38.393875+00:00 [NEW] DYMUSDT side=LONG entry=0.17070000 conf=90
2025-09-28T13:16:38.755278+00:00 [NEW] DYMUSDT side=LONG entry=0.17070000 conf=90
2025-09-28T13:16:38.841534+00:00 [NEW] DYMUSDT side=LONG entry=0.17060000 conf=90
2025-09-28T13:16:39.183714+00:00 [NEW] DYMUSDT side=LONG entry=0.17090000 conf=90
2025-09-28T13:16:39.534763+00:00 [NEW] DYMUSDT side=LONG entry=0.17090000 conf=90
2025-09-28T13:16:40.052670+00:00 [NEW] DYMUSDT side=LONG entry=0.17080000 conf=90
2025-09-28T13:16:41.175050+00:00 [NEW] DYMUSDT side=LONG entry=0.17100000 conf=90
2025-09-28T13:16:43.183521+00:00 [NEW] DYMUSDT side=LONG entry=0.17060000 conf=90
2025-09-28T13:16:47.559641+00:00 [NEW] OMUSDT side=LONG entry=0.16429000 conf=90
2025-09-28T13:16:48.371639+00:00 [NEW] OMUSDT side=LONG entry=0.16394000 conf=90
2025-09-28T13:16:49.704664+00:00 [NEW] OMUSDT side=LONG entry=0.16388000 conf=90
2025-09-28T13:16:50.587993+00:00 [NEW] OMUSDT side=LONG entry=0.16400000 conf=90
2025-09-28T13:16:51.959802+00:00 [NEW] OMUSDT side=LONG entry=0.16408000 conf=90
2025-09-28T13:16:52.646874+00:00 [NEW] OMUSDT side=LONG entry=0.16398000 conf=90
2025-09-28T13:16:55.209405+00:00 [NEW] OMUSDT side=LONG entry=0.16415000 conf=90
2025-09-28T13:16:55.494336+00:00 [NEW] OMUSDT side=LONG entry=0.16379000 conf=90
2025-09-28T13:17:01.755352+00:00 [NEW] PIXELUSDT side=LONG entry=0.02677000 conf=90
2025-09-28T13:17:01.962514+00:00 [NEW] LINKUSDT side=LONG entry=20.56300000 conf=60
2025-09-28T13:17:03.642387+00:00 [NEW] PIXELUSDT side=LONG entry=0.02671000 conf=90
2025-09-28T13:17:03.826285+00:00 [NEW] PIXELUSDT side=LONG entry=0.02672000 conf=90
2025-09-28T13:17:04.278491+00:00 [NEW] DYMUSDT side=LONG entry=0.17060000 conf=90
2025-09-28T13:17:05.011995+00:00 [NEW] PIXELUSDT side=LONG entry=0.02672000 conf=90
2025-09-28T13:17:05.677864+00:00 [NEW] OMUSDT side=LONG entry=0.16379000 conf=90
2025-09-28T13:17:07.183239+00:00 [NEW] PIXELUSDT side=LONG entry=0.02676000 conf=90
2025-09-28T13:17:12.228876+00:00 [NEW] PIXELUSDT side=LONG entry=0.02674000 conf=90
2025-09-28T13:17:12.303313+00:00 [NEW] PIXELUSDT side=LONG entry=0.02669000 conf=90
2025-09-28T13:17:22.043018+00:00 [NEW] PIXELUSDT side=LONG entry=0.02677000 conf=90
2025-09-28T13:17:22.756410+00:00 [NEW] STRKUSDT side=LONG entry=0.11870000 conf=90
2025-09-28T13:17:22.762735+00:00 [NEW] STRKUSDT side=LONG entry=0.11870000 conf=90
2025-09-28T13:17:23.880724+00:00 [NEW] STRKUSDT side=LONG entry=0.11870000 conf=90
2025-09-28T13:17:24.135568+00:00 [NEW] STRKUSDT side=LONG entry=0.11880000 conf=90
2025-09-28T13:17:25.638475+00:00 [NEW] STRKUSDT side=LONG entry=0.11880000 conf=90
2025-09-28T13:17:28.870057+00:00 [NEW] STRKUSDT side=LONG entry=0.11870000 conf=90
2025-09-28T13:17:28.940727+00:00 [NEW] A2ZUSDT side=SHORT entry=0.00520900 conf=90
2025-09-28T13:17:29.217190+00:00 [NEW] STRKUSDT side=LONG entry=0.11900000 conf=90
2025-09-28T13:17:29.727427+00:00 [NEW] STRKUSDT side=LONG entry=0.11880000 conf=90
2025-09-28T13:17:29.738400+00:00 [NEW] XLMUSDT side=LONG entry=0.35414000 conf=60
2025-09-28T13:17:34.538549+00:00 [NEW] STRKUSDT side=LONG entry=0.11870000 conf=90
2025-09-28T13:17:37.377215+00:00 [NEW] PORTALUSDT side=LONG entry=0.03649000 conf=90
2025-09-28T13:17:38.387581+00:00 [NEW] STRKUSDT side=LONG entry=0.11890000 conf=90
2025-09-28T13:17:38.396752+00:00 [NEW] PORTALUSDT side=LONG entry=0.03649000 conf=90
2025-09-28T13:17:38.846538+00:00 [NEW] PORTALUSDT side=LONG entry=0.03646000 conf=90
2025-09-28T13:17:41.208448+00:00 [NEW] PORTALUSDT side=LONG entry=0.03653000 conf=90
2025-09-28T13:17:45.149810+00:00 [NEW] PORTALUSDT side=LONG entry=0.03645000 conf=90
2025-09-28T13:17:45.322393+00:00 [NEW] PORTALUSDT side=LONG entry=0.03660000 conf=90
2025-09-28T13:17:45.875271+00:00 [NEW] PORTALUSDT side=LONG entry=0.03653000 conf=90
2025-09-28T13:17:47.700827+00:00 [NEW] XTZUSDT side=LONG entry=0.65500000 conf=60
2025-09-28T13:17:48.665827+00:00 [NEW] NAORISUSDT side=LONG entry=0.05640000 conf=90
2025-09-28T13:17:55.374741+00:00 [NEW] PORTALUSDT side=LONG entry=0.03650000 conf=90
2025-09-28T13:17:56.080470+00:00 [NEW] PORTALUSDT side=LONG entry=0.03646000 conf=90
2025-09-28T13:18:00.758124+00:00 [NEW] TONUSDT side=LONG entry=2.67060000 conf=90
2025-09-28T13:18:01.831281+00:00 [NEW] TONUSDT side=LONG entry=2.67170000 conf=90
2025-09-28T13:18:02.017566+00:00 [NEW] TONUSDT side=LONG entry=2.66950000 conf=90
2025-09-28T13:18:03.430963+00:00 [NEW] TONUSDT side=LONG entry=2.67010000 conf=90
2025-09-28T13:18:04.565396+00:00 [NEW] TONUSDT side=LONG entry=2.67150000 conf=90
2025-09-28T13:18:07.553310+00:00 [NEW] TONUSDT side=LONG entry=2.67290000 conf=90
2025-09-28T13:18:08.030139+00:00 [NEW] TONUSDT side=LONG entry=2.67320000 conf=90
2025-09-28T13:18:08.459007+00:00 [NEW] TONUSDT side=LONG entry=2.66950000 conf=90
2025-09-28T13:18:08.841650+00:00 [NEW] XPLUSDT side=SHORT entry=1.40110000 conf=90
2025-09-28T13:18:11.248597+00:00 [NEW] ATOMUSDT side=LONG entry=4.05400000 conf=60
2025-09-28T13:18:14.855669+00:00 [NEW] TONUSDT side=LONG entry=2.66970000 conf=90
2025-09-28T13:18:15.882791+00:00 [NEW] TONUSDT side=LONG entry=2.67120000 conf=90
2025-09-28T13:18:19.206614+00:00 [NEW] AXLUSDT side=SHORT entry=0.28530000 conf=90
2025-09-28T13:18:19.767998+00:00 [NEW] AXLUSDT side=SHORT entry=0.28440000 conf=90
2025-09-28T13:18:20.708427+00:00 [NEW] AXLUSDT side=SHORT entry=0.28510000 conf=90
2025-09-28T13:18:21.998508+00:00 [NEW] AXLUSDT side=SHORT entry=0.28430000 conf=90
2025-09-28T13:18:23.215337+00:00 [NEW] AXLUSDT side=SHORT entry=0.28500000 conf=90
2025-09-28T13:18:27.357933+00:00 [NEW] AXLUSDT side=SHORT entry=0.28550000 conf=90
2025-09-28T13:18:27.648336+00:00 [NEW] AXLUSDT side=SHORT entry=0.28560000 conf=90
2025-09-28T13:18:30.383183+00:00 [NEW] AXLUSDT side=SHORT entry=0.28510000 conf=90
2025-09-28T13:18:30.791965+00:00 [NEW] ATOMUSDT side=LONG entry=4.04900000 conf=60
2025-09-28T13:18:31.149837+00:00 [NEW] IOTAUSDT side=LONG entry=0.16160000 conf=60
2025-09-28T13:18:31.309895+00:00 [NEW] DOODUSDT side=SHORT entry=0.00392960 conf=90
2025-09-28T13:18:36.439446+00:00 [NEW] AXLUSDT side=SHORT entry=0.28500000 conf=90
2025-09-28T13:18:38.812779+00:00 [NEW] AXLUSDT side=SHORT entry=0.28480000 conf=90
2025-09-28T13:18:39.732763+00:00 [NEW] MYROUSDT side=SHORT entry=0.01888000 conf=90
2025-09-28T13:18:41.349802+00:00 [NEW] MYROUSDT side=SHORT entry=0.01889000 conf=90
2025-09-28T13:18:41.974907+00:00 [NEW] MYROUSDT side=SHORT entry=0.01888000 conf=90
2025-09-28T13:18:42.729888+00:00 [NEW] REZUSDT side=LONG entry=0.01106000 conf=90
2025-09-28T13:18:44.796143+00:00 [NEW] QUSDT side=LONG entry=0.02868700 conf=90
2025-09-28T13:18:46.595612+00:00 [NEW] MYROUSDT side=SHORT entry=0.01890000 conf=90
2025-09-28T13:18:47.822669+00:00 [NEW] MYROUSDT side=SHORT entry=0.01888000 conf=90
2025-09-28T13:18:48.826179+00:00 [NEW] MYROUSDT side=SHORT entry=0.01888000 conf=90
2025-09-28T13:18:50.183358+00:00 [NEW] VETUSDT side=LONG entry=0.02143400 conf=60
2025-09-28T13:18:51.985533+00:00 [NEW] IOTAUSDT side=LONG entry=0.16150000 conf=60
2025-09-28T13:18:52.199693+00:00 [NEW] RESOLVUSDT side=LONG entry=0.10499000 conf=90
2025-09-28T13:18:56.967729+00:00 [NEW] MYROUSDT side=SHORT entry=0.01889000 conf=90
2025-09-28T13:18:58.886829+00:00 [NEW] MYROUSDT side=SHORT entry=0.01888000 conf=90
2025-09-28T13:18:59.167600+00:00 [NEW] MYROUSDT side=SHORT entry=0.01892000 conf=90
2025-09-28T13:19:00.974712+00:00 [NEW] METISUSDT side=LONG entry=12.96000000 conf=90
2025-09-28T13:19:01.276682+00:00 [NEW] METISUSDT side=LONG entry=12.95000000 conf=90
2025-09-28T13:19:03.893438+00:00 [NEW] METISUSDT side=LONG entry=12.96000000 conf=90
2025-09-28T13:19:06.364939+00:00 [NEW] PTBUSDT side=LONG entry=0.05043000 conf=90
2025-09-28T13:19:07.036335+00:00 [NEW] BBUSDT side=SHORT entry=0.19504000 conf=90
2025-09-28T13:19:08.024774+00:00 [NEW] METISUSDT side=LONG entry=12.97000000 conf=90
2025-09-28T13:19:12.099440+00:00 [NEW] METISUSDT side=LONG entry=12.92000000 conf=90
2025-09-28T13:19:14.200258+00:00 [NEW] NEOUSDT side=LONG entry=5.56500000 conf=60
2025-09-28T13:19:14.470325+00:00 [NEW] PUMPBTCUSDT side=LONG entry=0.06450000 conf=90
2025-09-28T13:19:15.303584+00:00 [NEW] NEOUSDT side=LONG entry=5.56000000 conf=60
2025-09-28T13:19:24.625381+00:00 [NEW] NEOUSDT side=LONG entry=5.56500000 conf=60
2025-09-28T13:19:25.388541+00:00 [NEW] VANRYUSDT side=LONG entry=0.02327000 conf=90
2025-09-28T13:19:26.286129+00:00 [NEW] METISUSDT side=LONG entry=12.95000000 conf=90
2025-09-28T13:19:26.516741+00:00 [NEW] METISUSDT side=LONG entry=12.97000000 conf=90
2025-09-28T13:19:28.260607+00:00 [NEW] VANRYUSDT side=LONG entry=0.02332000 conf=90
2025-09-28T13:19:29.422146+00:00 [NEW] METISUSDT side=LONG entry=12.97000000 conf=90
2025-09-28T13:19:30.748286+00:00 [NEW] XPINUSDT side=LONG entry=0.00083320 conf=90
2025-09-28T13:19:32.191520+00:00 [NEW] VANRYUSDT side=LONG entry=0.02327000 conf=90
2025-09-28T13:19:36.674808+00:00 [NEW] ZROUSDT side=SHORT entry=2.25900000 conf=90
2025-09-28T13:19:36.856577+00:00 [NEW] VANRYUSDT side=LONG entry=0.02334000 conf=90
2025-09-28T13:19:41.078870+00:00 [NEW] FUSDT side=LONG entry=0.01234400 conf=90
2025-09-28T13:19:41.575821+00:00 [NEW] NOTUSDT side=LONG entry=0.00153500 conf=90
2025-09-28T13:19:42.400089+00:00 [NEW] QTUMUSDT side=LONG entry=2.11000000 conf=60
2025-09-28T13:19:44.226516+00:00 [NEW] QTUMUSDT side=LONG entry=2.10800000 conf=60
2025-09-28T13:19:54.129801+00:00 [NEW] QTUMUSDT side=LONG entry=2.11200000 conf=60
2025-09-28T13:19:54.229639+00:00 [NEW] BOMEUSDT side=LONG entry=0.00159100 conf=90
2025-09-28T13:19:55.823226+00:00 [NEW] BOMEUSDT side=LONG entry=0.00159400 conf=90
2025-09-28T13:19:58.796159+00:00 [NEW] BOMEUSDT side=LONG entry=0.00159100 conf=90
2025-09-28T13:19:59.787904+00:00 [NEW] QTUMUSDT side=LONG entry=2.10900000 conf=60
2025-09-28T13:20:01.116104+00:00 [NEW] BOMEUSDT side=LONG entry=0.00159100 conf=90
2025-09-28T13:20:03.454793+00:00 [NEW] BOMEUSDT side=LONG entry=0.00159000 conf=90
2025-09-28T13:20:07.449941+00:00 [NEW] BOMEUSDT side=LONG entry=0.00158900 conf=90
2025-09-28T13:20:09.184473+00:00 [NEW] BANANAUSDT side=LONG entry=15.76300000 conf=90
2025-09-28T13:20:11.828421+00:00 [NEW] DMCUSDT side=LONG entry=0.00331400 conf=90
2025-09-28T13:20:17.363502+00:00 [NEW] TURBOUSDT side=LONG entry=0.00334700 conf=90
2025-09-28T13:20:17.447704+00:00 [NEW] THETAUSDT side=LONG entry=0.68250000 conf=60
2025-09-28T13:20:18.615169+00:00 [NEW] THETAUSDT side=LONG entry=0.68300000 conf=60
2025-09-28T13:20:28.361373+00:00 [NEW] BOMEUSDT side=LONG entry=0.00159200 conf=90
2025-09-28T13:20:28.363597+00:00 [NEW] ETHFIUSDT side=SHORT entry=1.53690000 conf=90
2025-09-28T13:20:28.855246+00:00 [NEW] THETAUSDT side=LONG entry=0.68420000 conf=60
2025-09-28T13:20:30.698832+00:00 [NEW] ETHFIUSDT side=SHORT entry=1.53980000 conf=90
2025-09-28T13:20:37.071686+00:00 [NEW] ETHFIUSDT side=SHORT entry=1.53590000 conf=90
2025-09-28T13:20:37.355289+00:00 [NEW] ETHFIUSDT side=SHORT entry=1.53720000 conf=90
2025-09-28T13:20:41.578009+00:00 [NEW] THETAUSDT side=LONG entry=0.68320000 conf=60
2025-09-28T13:20:45.431434+00:00 [NEW] ETHFIUSDT side=SHORT entry=1.53730000 conf=90
2025-09-28T13:20:47.135909+00:00 [NEW] RAREUSDT side=LONG entry=0.04902000 conf=90
2025-09-28T13:20:51.181995+00:00 [NEW] ETHFIUSDT side=SHORT entry=1.53490000 conf=90
2025-09-28T13:20:54.875086+00:00 [NEW] MUSDT side=LONG entry=2.30000000 conf=90
2025-09-28T13:20:57.869094+00:00 [NEW] COMPUSDT side=LONG entry=40.33000000 conf=60
2025-09-28T13:21:04.567042+00:00 [NEW] ICXUSDT side=LONG entry=0.11140000 conf=60
2025-09-28T13:21:08.045967+00:00 [NEW] COMPUSDT side=LONG entry=40.40000000 conf=60
2025-09-28T13:21:12.104788+00:00 [NEW] WUSDT side=SHORT entry=0.10104000 conf=90
2025-09-28T13:21:12.392702+00:00 [NEW] IOUSDT side=LONG entry=0.52080000 conf=90
2025-09-28T13:21:13.625304+00:00 [NEW] WUSDT side=SHORT entry=0.10126000 conf=90
2025-09-28T13:21:14.839720+00:00 [NEW] WUSDT side=SHORT entry=0.10132000 conf=90
2025-09-28T13:21:23.854295+00:00 [NEW] WUSDT side=SHORT entry=0.10109000 conf=90
2025-09-28T13:21:28.403691+00:00 [NEW] WUSDT side=SHORT entry=0.10118000 conf=90
2025-09-28T13:21:28.627550+00:00 [NEW] COMPUSDT side=LONG entry=40.35000000 conf=60
2025-09-28T13:21:34.852035+00:00 [NEW] GUSDT side=LONG entry=0.00980000 conf=90
2025-09-28T13:21:38.578757+00:00 [NEW] WUSDT side=SHORT entry=0.10112000 conf=90
2025-09-28T13:21:38.909604+00:00 [NEW] WUSDT side=SHORT entry=0.10076000 conf=90
2025-09-28T13:21:43.308660+00:00 [NEW] SLPUSDT side=LONG entry=0.00153800 conf=90
2025-09-28T13:21:47.397781+00:00 [NEW] STORJUSDT side=LONG entry=0.22390000 conf=60
2025-09-28T13:21:48.080261+00:00 [NEW] DOGEUSDT side=LONG entry=0.22648000 conf=60
2025-09-28T13:21:52.515833+00:00 [NEW] DOGEUSDT side=LONG entry=0.22674000 conf=60
2025-09-28T13:21:58.292333+00:00 [NEW] TNSRUSDT side=LONG entry=0.09440000 conf=90
2025-09-28T13:22:02.548890+00:00 [NEW] MEWUSDT side=LONG entry=0.00251400 conf=90
2025-09-28T13:22:05.606412+00:00 [NEW] TNSRUSDT side=LONG entry=0.09440000 conf=90
2025-09-28T13:22:12.551397+00:00 [NEW] TNSRUSDT side=LONG entry=0.09440000 conf=90
2025-09-28T13:22:14.837489+00:00 [NEW] TNSRUSDT side=LONG entry=0.09410000 conf=90
2025-09-28T13:22:14.910972+00:00 [NEW] DOGEUSDT side=LONG entry=0.22667000 conf=60
2025-09-28T13:22:17.626523+00:00 [NEW] TNSRUSDT side=LONG entry=0.09430000 conf=90
2025-09-28T13:22:24.639052+00:00 [NEW] SYNUSDT side=LONG entry=0.10630000 conf=90
2025-09-28T13:22:29.260957+00:00 [NEW] TNSRUSDT side=LONG entry=0.09400000 conf=90
2025-09-28T13:22:30.728721+00:00 [NEW] PLAYUSDT side=LONG entry=0.03927000 conf=90
2025-09-28T13:22:31.741389+00:00 [NEW] NEARUSDT side=LONG entry=2.66700000 conf=60
2025-09-28T13:22:33.782379+00:00 [NEW] TNSRUSDT side=LONG entry=0.09420000 conf=90
2025-09-28T13:22:40.911848+00:00 [NEW] SXPUSDT side=LONG entry=0.15390000 conf=60
2025-09-28T13:22:49.720671+00:00 [NEW] SXPUSDT side=LONG entry=0.15420000 conf=60
2025-09-28T13:22:56.841971+00:00 [NEW] SAGAUSDT side=LONG entry=0.20170000 conf=90
2025-09-28T13:22:59.468935+00:00 [NEW] SAGAUSDT side=LONG entry=0.20220000 conf=90
2025-09-28T13:23:06.988884+00:00 [NEW] SAGAUSDT side=LONG entry=0.20190000 conf=90
2025-09-28T13:23:10.593506+00:00 [NEW] SAGAUSDT side=LONG entry=0.20170000 conf=90
2025-09-28T13:23:12.889235+00:00 [NEW] SAGAUSDT side=LONG entry=0.20190000 conf=90
2025-09-28T13:23:14.693107+00:00 [NEW] SXPUSDT side=LONG entry=0.15390000 conf=60
2025-09-28T13:23:19.467918+00:00 [NEW] TAKEUSDT side=LONG entry=0.17752000 conf=90
2025-09-28T13:23:22.241068+00:00 [NEW] AAVEUSDT side=LONG entry=262.53000000 conf=60
2025-09-28T13:23:26.334554+00:00 [NEW] SYSUSDT side=LONG entry=0.03361000 conf=90
2025-09-28T13:23:30.403945+00:00 [NEW] SAGAUSDT side=LONG entry=0.20190000 conf=90
2025-09-28T13:23:36.090161+00:00 [NEW] EGLDUSDT side=LONG entry=12.76600000 conf=60
2025-09-28T13:23:40.292266+00:00 [NEW] EGLDUSDT side=LONG entry=12.78100000 conf=60
2025-09-28T13:23:54.357725+00:00 [NEW] TAOUSDT side=LONG entry=293.17000000 conf=90
2025-09-28T13:23:59.708903+00:00 [NEW] SYSUSDT side=LONG entry=0.03361000 conf=90
2025-09-28T13:24:00.714991+00:00 [NEW] TAOUSDT side=LONG entry=293.36000000 conf=90
2025-09-28T13:24:07.130671+00:00 [NEW] EGLDUSDT side=LONG entry=12.78200000 conf=60
2025-09-28T13:24:12.719112+00:00 [NEW] TACUSDT side=LONG entry=0.00748000 conf=90
2025-09-28T13:24:16.034813+00:00 [NEW] AXSUSDT side=LONG entry=2.08900000 conf=60
2025-09-28T13:24:16.292222+00:00 [NEW] ZKCUSDT side=LONG entry=0.54090000 conf=90
2025-09-28T13:24:20.243075+00:00 [NEW] TAOUSDT side=LONG entry=293.10000000 conf=90
2025-09-28T13:24:23.611912+00:00 [NEW] TAOUSDT side=LONG entry=293.20000000 conf=90
2025-09-28T13:24:28.193163+00:00 [NEW] VOXELUSDT side=LONG entry=0.05381000 conf=90
2025-09-28T13:24:38.237920+00:00 [NEW] AXSUSDT side=LONG entry=2.09300000 conf=60
2025-09-28T13:24:47.765402+00:00 [NEW] LISTAUSDT side=LONG entry=0.27550000 conf=90
2025-09-28T13:24:59.484753+00:00 [NEW] LISTAUSDT side=LONG entry=0.27580000 conf=90
2025-09-28T13:25:04.946181+00:00 [NEW] AXSUSDT side=LONG entry=2.09500000 conf=60
2025-09-28T13:25:10.273945+00:00 [NEW] ZKCUSDT side=LONG entry=0.54190000 conf=90
2025-09-28T13:25:12.926709+00:00 [NEW] GRTUSDT side=LONG entry=0.07932000 conf=60
2025-09-28T13:25:14.477932+00:00 [NEW] 0GUSDT side=SHORT entry=3.54840000 conf=90
2025-09-28T13:25:24.480123+00:00 [NEW] LISTAUSDT side=LONG entry=0.27520000 conf=90
2025-09-28T13:25:24.584910+00:00 [NEW] BRETTUSDT side=LONG entry=0.03834000 conf=90
2025-09-28T13:25:29.403809+00:00 [NEW] GRTUSDT side=LONG entry=0.07942000 conf=60
2025-09-28T13:25:40.990054+00:00 [NEW] LISTAUSDT side=LONG entry=0.27470000 conf=90
2025-09-28T13:25:44.593901+00:00 [NEW] BRETTUSDT side=LONG entry=0.03840000 conf=90
2025-09-28T13:25:53.030728+00:00 [NEW] BRETTUSDT side=LONG entry=0.03835000 conf=90
2025-09-28T13:25:54.974863+00:00 [NEW] BRETTUSDT side=LONG entry=0.03842000 conf=90
2025-09-28T13:26:01.557911+00:00 [NEW] GRTUSDT side=LONG entry=0.07947000 conf=60
2025-09-28T13:26:03.496727+00:00 [NEW] ASTERUSDT side=SHORT entry=1.74210000 conf=90
2025-09-28T13:26:12.301308+00:00 [NEW] CHZUSDT side=LONG entry=0.03855000 conf=60
2025-09-28T13:26:15.084230+00:00 [NEW] AUSDT side=LONG entry=0.40190000 conf=60
2025-09-28T13:26:24.776035+00:00 [NEW] POPCATUSDT side=LONG entry=0.21040000 conf=90
2025-09-28T13:26:31.070913+00:00 [NEW] POPCATUSDT side=LONG entry=0.21070000 conf=90
2025-09-28T13:26:40.968380+00:00 [NEW] POPCATUSDT side=LONG entry=0.21070000 conf=90
2025-09-28T13:26:49.595168+00:00 [NEW] POPCATUSDT side=LONG entry=0.21080000 conf=90
2025-09-28T13:26:51.249371+00:00 [NEW] POPCATUSDT side=LONG entry=0.21050000 conf=90
2025-09-28T13:27:03.173687+00:00 [NEW] POPCATUSDT side=LONG entry=0.21050000 conf=90
2025-09-28T13:27:22.850181+00:00 [NEW] SUNUSDT side=LONG entry=0.02606800 conf=90
2025-09-28T13:27:24.435682+00:00 [NEW] TOWNSUSDT side=LONG entry=0.01865000 conf=60
2025-09-28T13:27:30.693732+00:00 [NEW] SUNUSDT side=LONG entry=0.02609500 conf=90
2025-09-28T13:27:31.054783+00:00 [NEW] ANKRUSDT side=SHORT entry=0.01325000 conf=60
2025-09-28T13:27:37.677704+00:00 [NEW] SUNUSDT side=LONG entry=0.02604900 conf=90
2025-09-28T13:27:49.980428+00:00 [NEW] SUNUSDT side=LONG entry=0.02604900 conf=90
2025-09-28T13:28:01.520929+00:00 [NEW] SUNUSDT side=LONG entry=0.02606100 conf=90
2025-09-28T13:28:09.950922+00:00 [NEW] RVNUSDT side=LONG entry=0.01114000 conf=60
2025-09-28T13:28:29.880526+00:00 [NEW] MBOXUSDT side=LONG entry=0.05404000 conf=90
2025-09-28T13:29:04.637307+00:00 [NEW] MBOXUSDT side=LONG entry=0.05413000 conf=90
2025-09-28T13:29:06.725452+00:00 [NEW] RVNUSDT side=LONG entry=0.01114000 conf=60
2025-09-28T13:29:19.558989+00:00 [NEW] FLUXUSDT side=LONG entry=0.18140000 conf=90
2025-09-28T13:29:47.039852+00:00 [NEW] FLUXUSDT side=LONG entry=0.18130000 conf=90
2025-09-28T13:30:04.801674+00:00 [CLOSE] trade_id=236 exit=0.14777000 result=SL pnl=-0.0020343120634706887
2025-09-28T13:30:20.324482+00:00 [CLOSE] trade_id=387 exit=0.28620000 result=SL pnl=-0.0024518388791594887
2025-09-28T13:30:51.637934+00:00 [UPDATE] trade_id=67 tag=TP1
2025-09-28T13:31:01.848528+00:00 [UPDATE] trade_id=169 tag=TP1
2025-09-28T13:31:02.718170+00:00 [UPDATE] trade_id=65 tag=TP1
2025-09-28T13:31:03.912529+00:00 [UPDATE] trade_id=152 tag=TP1
2025-09-28T13:31:11.380600+00:00 [UPDATE] trade_id=167 tag=TP1
2025-09-28T13:31:19.993959+00:00 [CLOSE] trade_id=400 exit=0.01902000 result=SL pnl=-0.006349206349206274
2025-09-28T13:31:24.523237+00:00 [NEW] ONEUSDT side=LONG entry=0.00896000 conf=60
2025-09-28T13:31:28.726423+00:00 [NEW] ONEUSDT side=LONG entry=0.00898000 conf=60
2025-09-28T13:31:29.962843+00:00 [UPDATE] trade_id=168 tag=TP1
2025-09-28T13:31:32.371149+00:00 [CLOSE] trade_id=406 exit=0.01902000 result=SL pnl=-0.006881948120698685
2025-09-28T13:31:36.192826+00:00 [NEW] RPLUSDT side=LONG entry=4.70500000 conf=90
2025-09-28T13:31:40.814484+00:00 [UPDATE] trade_id=57 tag=TP1
2025-09-28T13:31:43.036991+00:00 [NEW] ONEUSDT side=LONG entry=0.00898000 conf=60
2025-09-28T13:31:43.558999+00:00 [UPDATE] trade_id=17 tag=TP1
2025-09-28T13:31:44.143130+00:00 [NEW] RPLUSDT side=LONG entry=4.71600000 conf=90
2025-09-28T13:31:45.674450+00:00 [UPDATE] trade_id=56 tag=TP1
2025-09-28T13:31:51.047863+00:00 [NEW] RPLUSDT side=LONG entry=4.71400000 conf=90
2025-09-28T13:31:51.602923+00:00 [UPDATE] trade_id=509 tag=TP1
2025-09-28T13:31:51.603376+00:00 [NEW] RPLUSDT side=LONG entry=4.71300000 conf=90
2025-09-28T13:31:52.114899+00:00 [CLOSE] trade_id=397 exit=0.01904000 result=SL pnl=-0.008474576271186463
2025-09-28T13:31:52.127393+00:00 [CLOSE] trade_id=408 exit=0.01904000 result=SL pnl=-0.006342494714587846
2025-09-28T13:31:53.655621+00:00 [UPDATE] trade_id=169 tag=TP2
2025-09-28T13:31:53.836871+00:00 [CLOSE] trade_id=516 exit=3.55720000 result=SL pnl=-0.002479990981850952
2025-09-28T13:31:54.471052+00:00 [UPDATE] trade_id=167 tag=TP2
2025-09-28T13:31:54.807748+00:00 [NEW] RPLUSDT side=LONG entry=4.70100000 conf=90
2025-09-28T13:31:55.794075+00:00 [UPDATE] trade_id=32 tag=TP1
2025-09-28T13:31:56.343329+00:00 [CLOSE] trade_id=223 exit=0.07521000 result=SL pnl=-0.006692544505420967
2025-09-28T13:31:57.031567+00:00 [CLOSE] trade_id=200 exit=2.56380000 result=SL pnl=-0.007901875221134658
2025-09-28T13:31:59.110715+00:00 [CLOSE] trade_id=308 exit=0.16260000 result=SL pnl=-0.00432365657813469
2025-09-28T13:32:01.113908+00:00 [UPDATE] trade_id=113 tag=TP1
2025-09-28T13:32:01.341318+00:00 [UPDATE] trade_id=7 tag=TP1
2025-09-28T13:32:01.537020+00:00 [CLOSE] trade_id=237 exit=0.14776000 result=SL pnl=-0.0037361592283132595
2025-09-28T13:32:02.649650+00:00 [CLOSE] trade_id=385 exit=0.28640000 result=SL pnl=-0.007386563489271863
2025-09-28T13:32:03.046858+00:00 [NEW] RPLUSDT side=LONG entry=4.70700000 conf=90
2025-09-28T13:32:04.729010+00:00 [CLOSE] trade_id=306 exit=0.16270000 result=SL pnl=-0.007430340557275582
2025-09-28T13:32:05.770339+00:00 [NEW] CELRUSDT side=LONG entry=0.00697000 conf=60
2025-09-28T13:32:05.824862+00:00 [CLOSE] trade_id=81 exit=0.11630000 result=SL pnl=-0.007798960138648163
2025-09-28T13:32:06.334930+00:00 [CLOSE] trade_id=307 exit=0.16250000 result=SL pnl=-0.004326328800988913
2025-09-28T13:32:07.285807+00:00 [CLOSE] trade_id=537 exit=0.01333000 result=SL pnl=-0.00603773584905662
2025-09-28T13:32:09.577953+00:00 [CLOSE] trade_id=86 exit=0.03760000 result=SL pnl=-0.0026666666666667433
2025-09-28T13:32:10.180359+00:00 [CLOSE] trade_id=463 exit=0.10175000 result=SL pnl=-0.004243979470983023
2025-09-28T13:32:10.390109+00:00 [CLOSE] trade_id=383 exit=0.28630000 result=SL pnl=-0.006680731364275713
2025-09-28T13:32:10.872360+00:00 [CLOSE] trade_id=525 exit=1.76960000 result=SL pnl=-0.015785546179897872
2025-09-28T13:32:11.014862+00:00 [UPDATE] trade_id=24 tag=TP1
2025-09-28T13:32:11.139923+00:00 [NEW] RPLUSDT side=LONG entry=4.70500000 conf=90
2025-09-28T13:32:12.056544+00:00 [NEW] ONEUSDT side=LONG entry=0.00896000 conf=60
2025-09-28T13:32:12.283043+00:00 [NEW] CELRUSDT side=LONG entry=0.00697000 conf=60
2025-09-28T13:32:13.897698+00:00 [CLOSE] trade_id=221 exit=0.07509000 result=SL pnl=-0.003072401816724659
2025-09-28T13:32:15.429920+00:00 [CLOSE] trade_id=392 exit=0.00395880 result=SL pnl=-0.007430781758957669
2025-09-28T13:32:15.452035+00:00 [CLOSE] trade_id=455 exit=1.54320000 result=SL pnl=-0.005407518405107808
2025-09-28T13:32:15.519034+00:00 [NEW] RPLUSDT side=LONG entry=4.71700000 conf=90
2025-09-28T13:32:16.019727+00:00 [CLOSE] trade_id=396 exit=0.01900000 result=SL pnl=-0.0058231868713604544
2025-09-28T13:32:18.030763+00:00 [UPDATE] trade_id=168 tag=TP2
2025-09-28T13:32:18.126250+00:00 [UPDATE] trade_id=166 tag=TP1
2025-09-28T13:32:19.190016+00:00 [CLOSE] trade_id=309 exit=0.16240000 result=SL pnl=-0.0037082818294189705
2025-09-28T13:32:20.670345+00:00 [CLOSE] trade_id=401 exit=0.01900000 result=SL pnl=-0.006355932203389755
2025-09-28T13:32:23.212240+00:00 [CLOSE] trade_id=240 exit=0.14768000 result=SL pnl=-0.003192717886013166
2025-09-28T13:32:23.256949+00:00 [CLOSE] trade_id=190 exit=0.13920000 result=SL pnl=-0.0028818443804033405
2025-09-28T13:32:23.708668+00:00 [NEW] POLUSDT side=LONG entry=0.22203000 conf=90
2025-09-28T13:32:25.547389+00:00 [CLOSE] trade_id=305 exit=0.16240000 result=SL pnl=-0.002469135802469035
2025-09-28T13:32:29.075641+00:00 [CLOSE] trade_id=61 exit=1.21000000 result=SL pnl=-0.004149377593360907
2025-09-28T13:32:30.253522+00:00 [CLOSE] trade_id=225 exit=0.07512000 result=SL pnl=-0.004143831038631262
2025-09-28T13:32:30.312069+00:00 [CLOSE] trade_id=447 exit=1.54260000 result=SL pnl=-0.003708764395861825
2025-09-28T13:32:30.315912+00:00 [CLOSE] trade_id=193 exit=0.13920000 result=SL pnl=-0.002159827213822856
2025-09-28T13:32:30.353515+00:00 [CLOSE] trade_id=402 exit=0.01900000 result=SL pnl=-0.006355932203389755
2025-09-28T13:32:30.413072+00:00 [CLOSE] trade_id=417 exit=0.06416000 result=SL pnl=-0.0052713178294574725
2025-09-28T13:32:30.874492+00:00 [CLOSE] trade_id=161 exit=0.04551000 result=SL pnl=-0.00485758445572985
2025-09-28T13:32:30.905382+00:00 [CLOSE] trade_id=199 exit=2.56240000 result=SL pnl=-0.0065205436405059115
2025-09-28T13:32:32.529639+00:00 [CLOSE] trade_id=393 exit=0.28610000 result=SL pnl=-0.003859649122807177
2025-09-28T13:32:34.647216+00:00 [NEW] CELRUSDT side=LONG entry=0.00698000 conf=60
2025-09-28T13:32:34.802893+00:00 [CLOSE] trade_id=389 exit=0.28610000 result=SL pnl=-0.003507541213609263
2025-09-28T13:32:36.608023+00:00 [NEW] POLUSDT side=LONG entry=0.22213000 conf=90
2025-09-28T13:32:36.987073+00:00 [CLOSE] trade_id=248 exit=0.00003970 result=SL pnl=-0.0076142131979695556
2025-09-28T13:32:37.168307+00:00 [NEW] CELRUSDT side=LONG entry=0.00698000 conf=60
2025-09-28T13:32:37.206758+00:00 [CLOSE] trade_id=382 exit=0.28610000 result=SL pnl=-0.002804065895548626
2025-09-28T13:32:37.534366+00:00 [NEW] POLUSDT side=LONG entry=0.22206000 conf=90
2025-09-28T13:32:37.586635+00:00 [CLOSE] trade_id=462 exit=0.10171000 result=SL pnl=-0.004444005530317915
2025-09-28T13:32:39.709205+00:00 [UPDATE] trade_id=169 tag=TP3
2025-09-28T13:32:41.442323+00:00 [CLOSE] trade_id=386 exit=0.28610000 result=SL pnl=-0.003859649122807177
2025-09-28T13:32:41.542664+00:00 [UPDATE] trade_id=167 tag=TP3
2025-09-28T13:32:41.747200+00:00 [CLOSE] trade_id=249 exit=0.00003970 result=SL pnl=-0.00506329113924063
2025-09-28T13:32:41.749448+00:00 [UPDATE] trade_id=28 tag=TP1
2025-09-28T13:32:41.854829+00:00 [CLOSE] trade_id=83 exit=0.13830000 result=SL pnl=-0.006550218340611441
2025-09-28T13:32:42.452995+00:00 [CLOSE] trade_id=59 exit=0.02360000 result=SL pnl=-0.003401360544217696
2025-09-28T13:32:42.593017+00:00 [CLOSE] trade_id=407 exit=0.01901000 result=SL pnl=-0.006885593220338886
2025-09-28T13:32:42.952459+00:00 [NEW] POLUSDT side=LONG entry=0.22213000 conf=90
2025-09-28T13:32:42.954511+00:00 [CLOSE] trade_id=246 exit=0.00003970 result=SL pnl=-0.0076142131979695556
2025-09-28T13:32:42.967131+00:00 [NEW] POLUSDT side=LONG entry=0.22228000 conf=90
2025-09-28T13:32:42.989412+00:00 [CLOSE] trade_id=91 exit=0.19700000 result=SL pnl=-0.007157464212679
2025-09-28T13:32:43.190672+00:00 [UPDATE] trade_id=112 tag=TP1
2025-09-28T13:32:45.010538+00:00 [CLOSE] trade_id=62 exit=0.47280000 result=SL pnl=-0.0038216560509554648
2025-09-28T13:32:46.873723+00:00 [CLOSE] trade_id=427 exit=2.27460000 result=SL pnl=-0.006905710491367888
2025-09-28T13:32:49.513473+00:00 [NEW] POLUSDT side=LONG entry=0.22214000 conf=90
2025-09-28T13:32:53.212238+00:00 [CLOSE] trade_id=21 exit=0.62520000 result=SL pnl=-0.005467996140237952
2025-09-28T13:32:55.588533+00:00 [NEW] POLUSDT side=LONG entry=0.22194000 conf=90
2025-09-28T13:32:57.463784+00:00 [NEW] HOTUSDT side=LONG entry=0.00083900 conf=60
2025-09-28T13:32:59.677490+00:00 [CLOSE] trade_id=353 exit=0.00522400 result=SL pnl=-0.00287963140717993
2025-09-28T13:33:01.550966+00:00 [NEW] POLUSDT side=LONG entry=0.22206000 conf=90
2025-09-28T13:33:02.753145+00:00 [CLOSE] trade_id=384 exit=0.28600000 result=SL pnl=-0.0031567870922481808
2025-09-28T13:33:03.387074+00:00 [NEW] HOTUSDT side=LONG entry=0.00083900 conf=60
2025-09-28T13:33:03.970788+00:00 [CLOSE] trade_id=238 exit=0.14780000 result=SL pnl=-0.002713704206241409
2025-09-28T13:33:04.414009+00:00 [CLOSE] trade_id=465 exit=0.10168000 result=SL pnl=-0.004941688080648354
2025-09-28T13:33:05.970644+00:00 [UPDATE] trade_id=19 tag=TP1
2025-09-28T13:33:06.160215+00:00 [CLOSE] trade_id=451 exit=1.54120000 result=SL pnl=-0.002602133749674736
2025-09-28T13:33:07.039240+00:00 [CLOSE] trade_id=468 exit=0.10172000 result=SL pnl=-0.005933544303797501
2025-09-28T13:33:07.427220+00:00 [CLOSE] trade_id=51 exit=0.47220000 result=SL pnl=-0.0038265306122449486
2025-09-28T13:33:07.977991+00:00 [UPDATE] trade_id=166 tag=TP2
2025-09-28T13:33:08.282988+00:00 [NEW] HOTUSDT side=LONG entry=0.00083900 conf=60
2025-09-28T13:33:09.871470+00:00 [UPDATE] trade_id=168 tag=TP3
2025-09-28T13:33:13.980252+00:00 [CLOSE] trade_id=235 exit=0.14781000 result=SL pnl=-0.0035985877240630277
2025-09-28T13:33:15.045805+00:00 [NEW] 1MBABYDOGEUSDT side=LONG entry=0.00115360 conf=90
2025-09-28T13:33:17.078462+00:00 [NEW] POLUSDT side=LONG entry=0.22218000 conf=90
2025-09-28T13:33:18.810748+00:00 [CLOSE] trade_id=239 exit=0.14779000 result=SL pnl=-0.002918023887079355
2025-09-28T13:33:20.228389+00:00 [UPDATE] trade_id=156 tag=TP1
2025-09-28T13:33:21.313218+00:00 [NEW] 1MBABYDOGEUSDT side=LONG entry=0.00115260 conf=90
2025-09-28T13:33:21.391033+00:00 [UPDATE] trade_id=46 tag=TP1
2025-09-28T13:33:21.492749+00:00 [NEW] HOTUSDT side=LONG entry=0.00084000 conf=60
2025-09-28T13:33:21.568077+00:00 [CLOSE] trade_id=514 exit=0.54070000 result=SL pnl=-0.002214430706772633
2025-09-28T13:33:23.823550+00:00 [CLOSE] trade_id=87 exit=0.07410000 result=SL pnl=-0.011999999999999974
2025-09-28T13:33:23.866899+00:00 [NEW] HOTUSDT side=LONG entry=0.00084000 conf=60
2025-09-28T13:33:24.281309+00:00 [UPDATE] trade_id=112 tag=TP2
2025-09-28T13:33:24.708420+00:00 [NEW] 1MBABYDOGEUSDT side=LONG entry=0.00115310 conf=90
2025-09-28T13:33:25.412442+00:00 [CLOSE] trade_id=167 exit=0.22278000 result=TP3 pnl=0.15072314049586782
2025-09-28T13:33:25.588427+00:00 [UPDATE] trade_id=113 tag=TP2
2025-09-28T13:33:26.091736+00:00 [CLOSE] trade_id=250 exit=0.00003970 result=SL pnl=-0.010178117048346131
2025-09-28T13:33:28.295537+00:00 [NEW] 1MBABYDOGEUSDT side=LONG entry=0.00115360 conf=90
2025-09-28T13:33:28.362505+00:00 [UPDATE] trade_id=29 tag=TP1
2025-09-28T13:33:30.083066+00:00 [CLOSE] trade_id=169 exit=0.22260000 result=TP3 pnl=0.1655060474370386
2025-09-28T13:33:30.530297+00:00 [UPDATE] trade_id=33 tag=TP1
2025-09-28T13:33:30.876584+00:00 [UPDATE] trade_id=8 tag=TP1
2025-09-28T13:33:31.058845+00:00 [NEW] 1MBABYDOGEUSDT side=LONG entry=0.00115410 conf=90
2025-09-28T13:33:33.613118+00:00 [CLOSE] trade_id=198 exit=2.56390000 result=SL pnl=-0.009012199921290799
2025-09-28T13:33:36.327008+00:00 [NEW] 1MBABYDOGEUSDT side=LONG entry=0.00115400 conf=90
2025-09-28T13:33:39.542356+00:00 [NEW] 1MBABYDOGEUSDT side=LONG entry=0.00115390 conf=90
2025-09-28T13:33:40.383448+00:00 [NEW] MTLUSDT side=LONG entry=0.61590000 conf=60
2025-09-28T13:33:41.690055+00:00 [CLOSE] trade_id=395 exit=0.01901000 result=SL pnl=-0.006885593220338886
2025-09-28T13:33:42.187219+00:00 [CLOSE] trade_id=163 exit=0.04549000 result=SL pnl=-0.004194260485651273
2025-09-28T13:33:44.207318+00:00 [CLOSE] trade_id=160 exit=0.04549000 result=SL pnl=-0.005081749889527199
2025-09-28T13:33:44.542230+00:00 [NEW] 1MBABYDOGEUSDT side=LONG entry=0.00115100 conf=90
2025-09-28T13:33:44.850914+00:00 [UPDATE] trade_id=166 tag=TP3
2025-09-28T13:33:45.522694+00:00 [CLOSE] trade_id=304 exit=0.16250000 result=SL pnl=-0.004326328800988913
2025-09-28T13:33:46.175137+00:00 [NEW] MTLUSDT side=LONG entry=0.61590000 conf=60
2025-09-28T13:33:47.021182+00:00 [NEW] MTLUSDT side=LONG entry=0.61590000 conf=60
2025-09-28T13:33:49.916929+00:00 [UPDATE] trade_id=10 tag=TP1
2025-09-28T13:33:54.528583+00:00 [NEW] MTLUSDT side=LONG entry=0.61630000 conf=60
2025-09-28T13:33:58.845895+00:00 [NEW] CATIUSDT side=LONG entry=0.08276000 conf=90
2025-09-28T13:33:59.963703+00:00 [CLOSE] trade_id=168 exit=0.22195000 result=TP3 pnl=0.1369806874647816
2025-09-28T13:34:00.306776+00:00 [CLOSE] trade_id=79 exit=57.35000000 result=SL pnl=-0.008128675198893097
2025-09-28T13:34:01.206558+00:00 [NEW] MTLUSDT side=LONG entry=0.61630000 conf=60
2025-09-28T13:34:01.807650+00:00 [NEW] CATIUSDT side=LONG entry=0.08286000 conf=90
2025-09-28T13:34:04.848135+00:00 [NEW] CATIUSDT side=LONG entry=0.08272000 conf=90
2025-09-28T13:34:05.462065+00:00 [CLOSE] trade_id=460 exit=0.10182000 result=SL pnl=-0.007719714964370438
2025-09-28T13:34:09.194975+00:00 [CLOSE] trade_id=449 exit=1.54360000 result=SL pnl=-0.002467852967917928
2025-09-28T13:34:13.083612+00:00 [CLOSE] trade_id=464 exit=0.10185000 result=SL pnl=-0.007518053219903025
2025-09-28T13:34:13.105562+00:00 [CLOSE] trade_id=450 exit=1.54390000 result=SL pnl=-0.005208672439611958
2025-09-28T13:34:14.446156+00:00 [CLOSE] trade_id=394 exit=0.28600000 result=SL pnl=-0.004213483146067342
2025-09-28T13:34:16.266394+00:00 [CLOSE] trade_id=378 exit=1.41070000 result=SL pnl=-0.006851759331953503
2025-09-28T13:34:18.902704+00:00 [CLOSE] trade_id=453 exit=1.54240000 result=SL pnl=-0.003317504716060549
2025-09-28T13:34:19.358581+00:00 [NEW] CATIUSDT side=LONG entry=0.08282000 conf=90
2025-09-28T13:34:19.361413+00:00 [NEW] CATIUSDT side=LONG entry=0.08282000 conf=90
2025-09-28T13:34:23.021225+00:00 [NEW] CATIUSDT side=LONG entry=0.08275000 conf=90
2025-09-28T13:34:24.197700+00:00 [UPDATE] trade_id=52 tag=TP1
2025-09-28T13:34:25.662594+00:00 [UPDATE] trade_id=89 tag=TP1
2025-09-28T13:34:26.534820+00:00 [CLOSE] trade_id=209 exit=7.91200000 result=SL pnl=-0.004443315983242369
2025-09-28T13:34:28.372854+00:00 [NEW] CATIUSDT side=LONG entry=0.08283000 conf=90
2025-09-28T13:34:28.503819+00:00 [NEW] CATIUSDT side=LONG entry=0.08270000 conf=90
2025-09-28T13:34:29.143339+00:00 [NEW] OGNUSDT side=LONG entry=0.05550000 conf=60
2025-09-28T13:34:34.335351+00:00 [UPDATE] trade_id=16 tag=TP1
2025-09-28T13:34:34.501399+00:00 [CLOSE] trade_id=224 exit=0.07517000 result=SL pnl=-0.0045436322330617
2025-09-28T13:34:35.653452+00:00 [NEW] OGNUSDT side=LONG entry=0.05550000 conf=60
2025-09-28T13:34:36.980120+00:00 [CLOSE] trade_id=166 exit=0.22262000 result=TP3 pnl=0.14534135926326092
2025-09-28T13:34:37.451225+00:00 [NEW] CATIUSDT side=LONG entry=0.08275000 conf=90
2025-09-28T13:34:38.141534+00:00 [CLOSE] trade_id=469 exit=0.10184000 result=SL pnl=-0.010718539102818555
2025-09-28T13:34:39.413431+00:00 [NEW] OGNUSDT side=LONG entry=0.05550000 conf=60
2025-09-28T13:34:42.303455+00:00 [UPDATE] trade_id=25 tag=TP1
2025-09-28T13:34:42.927477+00:00 [UPDATE] trade_id=35 tag=TP1
2025-09-28T13:34:43.587507+00:00 [NEW] OGNUSDT side=LONG entry=0.05560000 conf=60
2025-09-28T13:34:47.673197+00:00 [UPDATE] trade_id=442 tag=TP1
2025-09-28T13:34:48.032811+00:00 [NEW] GHSTUSDT side=LONG entry=0.39480000 conf=90
2025-09-28T13:34:50.882915+00:00 [NEW] GHSTUSDT side=LONG entry=0.39400000 conf=90
2025-09-28T13:34:55.005035+00:00 [NEW] GHSTUSDT side=LONG entry=0.39370000 conf=90
2025-09-28T13:34:55.253262+00:00 [CLOSE] trade_id=222 exit=0.07522000 result=SL pnl=-0.006018456600240632
2025-09-28T13:35:00.442934+00:00 [CLOSE] trade_id=413 exit=0.19645000 result=SL pnl=-0.007229286300246218
2025-09-28T13:35:02.681038+00:00 [UPDATE] trade_id=90 tag=TP1
2025-09-28T13:35:04.124047+00:00 [UPDATE] trade_id=363 tag=TP1
2025-09-28T13:35:07.580507+00:00 [UPDATE] trade_id=426 tag=TP1
2025-09-28T13:35:08.108750+00:00 [UPDATE] trade_id=528 tag=TP1
2025-09-28T13:35:08.294769+00:00 [UPDATE] trade_id=93 tag=TP1
2025-09-28T13:35:08.818506+00:00 [NEW] GHSTUSDT side=LONG entry=0.39380000 conf=90
2025-09-28T13:35:09.756305+00:00 [UPDATE] trade_id=585 tag=TP1
2025-09-28T13:35:11.792187+00:00 [NEW] GHSTUSDT side=LONG entry=0.39420000 conf=90
2025-09-28T13:35:14.445707+00:00 [UPDATE] trade_id=72 tag=TP1
2025-09-28T13:35:14.449359+00:00 [UPDATE] trade_id=418 tag=TP1
2025-09-28T13:35:15.139950+00:00 [UPDATE] trade_id=369 tag=TP1
2025-09-28T13:35:15.475900+00:00 [UPDATE] trade_id=361 tag=TP1
2025-09-28T13:35:16.352718+00:00 [UPDATE] trade_id=158 tag=TP1
2025-09-28T13:35:17.074164+00:00 [UPDATE] trade_id=26 tag=TP1
2025-09-28T13:35:17.637678+00:00 [NEW] GHSTUSDT side=LONG entry=0.39360000 conf=90
2025-09-28T13:35:18.063235+00:00 [UPDATE] trade_id=37 tag=TP1
2025-09-28T13:35:18.201233+00:00 [UPDATE] trade_id=187 tag=TP1
2025-09-28T13:35:18.693513+00:00 [UPDATE] trade_id=420 tag=TP1
2025-09-28T13:35:19.101902+00:00 [UPDATE] trade_id=312 tag=TP1
2025-09-28T13:35:19.298196+00:00 [UPDATE] trade_id=5 tag=TP1
2025-09-28T13:35:19.906328+00:00 [UPDATE] trade_id=358 tag=TP1
2025-09-28T13:35:19.918478+00:00 [UPDATE] trade_id=197 tag=TP1
2025-09-28T13:35:20.199412+00:00 [NEW] GHSTUSDT side=LONG entry=0.39380000 conf=90
2025-09-28T13:35:20.267703+00:00 [UPDATE] trade_id=360 tag=TP1
2025-09-28T13:35:22.381227+00:00 [UPDATE] trade_id=31 tag=TP1
2025-09-28T13:35:23.022257+00:00 [UPDATE] trade_id=36 tag=TP1
2025-09-28T13:35:23.430578+00:00 [UPDATE] trade_id=227 tag=TP1
2025-09-28T13:35:24.312080+00:00 [UPDATE] trade_id=157 tag=TP1
2025-09-28T13:35:24.819715+00:00 [NEW] GHSTUSDT side=LONG entry=0.39370000 conf=90
2025-09-28T13:35:26.239311+00:00 [UPDATE] trade_id=73 tag=TP1
2025-09-28T13:35:26.750739+00:00 [UPDATE] trade_id=80 tag=TP1
2025-09-28T13:35:27.510792+00:00 [UPDATE] trade_id=228 tag=TP1
2025-09-28T13:35:29.990051+00:00 [UPDATE] trade_id=15 tag=TP1
2025-09-28T13:35:29.993131+00:00 [UPDATE] trade_id=231 tag=TP1
2025-09-28T13:35:30.366061+00:00 [NEW] GHSTUSDT side=LONG entry=0.39360000 conf=90
2025-09-28T13:35:31.244802+00:00 [NEW] HMSTRUSDT side=LONG entry=0.00061640 conf=90
2025-09-28T13:35:32.020180+00:00 [NEW] HMSTRUSDT side=LONG entry=0.00061550 conf=90
2025-09-28T13:35:35.284228+00:00 [UPDATE] trade_id=75 tag=TP1
2025-09-28T13:35:36.090736+00:00 [UPDATE] trade_id=229 tag=TP1
2025-09-28T13:35:37.865253+00:00 [NEW] HMSTRUSDT side=LONG entry=0.00061520 conf=90
2025-09-28T13:35:38.882120+00:00 [NEW] HMSTRUSDT side=LONG entry=0.00061620 conf=90
2025-09-28T13:35:40.472386+00:00 [CLOSE] trade_id=259 exit=0.02642000 result=SL pnl=-0.004944845949029979
2025-09-28T13:35:40.611749+00:00 [UPDATE] trade_id=49 tag=TP1
2025-09-28T13:35:44.985932+00:00 [UPDATE] trade_id=533 tag=TP1
2025-09-28T13:35:52.369691+00:00 [UPDATE] trade_id=126 tag=TP1
2025-09-28T13:35:53.691598+00:00 [NEW] HMSTRUSDT side=LONG entry=0.00061560 conf=90
2025-09-28T13:35:55.902053+00:00 [CLOSE] trade_id=260 exit=0.02646000 result=SL pnl=-0.00493733383972661
2025-09-28T13:35:59.453772+00:00 [NEW] HMSTRUSDT side=LONG entry=0.00061540 conf=90
2025-09-28T13:36:01.528892+00:00 [NEW] HMSTRUSDT side=LONG entry=0.00061520 conf=90
2025-09-28T13:36:03.744724+00:00 [CLOSE] trade_id=191 exit=0.13920000 result=SL pnl=-0.0028818443804033405
2025-09-28T13:36:06.408574+00:00 [UPDATE] trade_id=368 tag=TP1
2025-09-28T13:36:07.990808+00:00 [CLOSE] trade_id=247 exit=0.00003970 result=SL pnl=-0.0025252525252525866
2025-09-28T13:36:11.213681+00:00 [NEW] HMSTRUSDT side=LONG entry=0.00061530 conf=90
2025-09-28T13:36:11.676314+00:00 [CLOSE] trade_id=388 exit=0.28640000 result=SL pnl=-0.0028011204481791572
2025-09-28T13:36:13.972037+00:00 [CLOSE] trade_id=102 exit=15.85900000 result=SL pnl=-0.002085176292177396
2025-09-28T13:36:15.906378+00:00 [CLOSE] trade_id=262 exit=0.02646000 result=SL pnl=-0.005701254275940738
2025-09-28T13:36:18.225569+00:00 [UPDATE] trade_id=159 tag=TP1
2025-09-28T13:36:18.309788+00:00 [UPDATE] trade_id=106 tag=TP1
2025-09-28T13:36:18.692563+00:00 [NEW] REIUSDT side=LONG entry=0.01508000 conf=90
2025-09-28T13:36:20.261305+00:00 [NEW] REIUSDT side=LONG entry=0.01506000 conf=90
2025-09-28T13:36:22.752322+00:00 [NEW] HMSTRUSDT side=LONG entry=0.00061630 conf=90
2025-09-28T13:36:23.589002+00:00 [UPDATE] trade_id=442 tag=TP2
2025-09-28T13:36:26.650275+00:00 [NEW] REIUSDT side=LONG entry=0.01505000 conf=90
2025-09-28T13:36:44.178002+00:00 [NEW] REIUSDT side=LONG entry=0.01508000 conf=90
2025-09-28T13:36:45.546536+00:00 [NEW] REIUSDT side=LONG entry=0.01507000 conf=90
2025-09-28T13:36:46.300845+00:00 [NEW] REIUSDT side=LONG entry=0.01507000 conf=90
2025-09-28T13:36:46.525646+00:00 [CLOSE] trade_id=258 exit=0.02645000 result=SL pnl=-0.003795066413662348
2025-09-28T13:36:48.705567+00:00 [UPDATE] trade_id=484 tag=TP1
2025-09-28T13:36:51.557889+00:00 [UPDATE] trade_id=509 tag=TP2
2025-09-28T13:36:54.915107+00:00 [NEW] REIUSDT side=LONG entry=0.01503000 conf=90
2025-09-28T13:36:54.916727+00:00 [UPDATE] trade_id=206 tag=TP1
2025-09-28T13:37:00.659614+00:00 [UPDATE] trade_id=207 tag=TP1
2025-09-28T13:37:08.401549+00:00 [NEW] COSUSDT side=LONG entry=0.00287500 conf=90
2025-09-28T13:37:16.314193+00:00 [NEW] COSUSDT side=LONG entry=0.00287200 conf=90
2025-09-28T13:37:16.811288+00:00 [UPDATE] trade_id=629 tag=TP1
2025-09-28T13:37:18.221412+00:00 [CLOSE] trade_id=261 exit=0.02643000 result=SL pnl=-0.004179331306990843
2025-09-28T13:37:21.140722+00:00 [NEW] REIUSDT side=LONG entry=0.01505000 conf=90
2025-09-28T13:37:21.607802+00:00 [UPDATE] trade_id=442 tag=TP3
2025-09-28T13:37:22.706664+00:00 [NEW] COSUSDT side=LONG entry=0.00287400 conf=90
2025-09-28T13:37:25.188522+00:00 [UPDATE] trade_id=130 tag=TP1
2025-09-28T13:37:28.363860+00:00 [CLOSE] trade_id=483 exit=0.03917000 result=SL pnl=-0.0025464731347083253
2025-09-28T13:37:30.036425+00:00 [UPDATE] trade_id=631 tag=TP1
2025-09-28T13:37:30.992275+00:00 [UPDATE] trade_id=154 tag=TP1
2025-09-28T13:37:37.518923+00:00 [UPDATE] trade_id=471 tag=TP1
2025-09-28T13:37:38.453018+00:00 [UPDATE] trade_id=104 tag=TP1
2025-09-28T13:37:39.430806+00:00 [NEW] COSUSDT side=LONG entry=0.00287600 conf=90
2025-09-28T13:37:42.316592+00:00 [NEW] COSUSDT side=LONG entry=0.00287400 conf=90
2025-09-28T13:37:42.984055+00:00 [UPDATE] trade_id=632 tag=TP1
2025-09-28T13:37:44.782014+00:00 [UPDATE] trade_id=66 tag=TP1
2025-09-28T13:37:46.380622+00:00 [UPDATE] trade_id=403 tag=TP1
2025-09-28T13:37:48.259490+00:00 [UPDATE] trade_id=185 tag=TP1
2025-09-28T13:37:48.623328+00:00 [NEW] COSUSDT side=LONG entry=0.00287600 conf=90
2025-09-28T13:37:49.172810+00:00 [UPDATE] trade_id=634 tag=TP1
2025-09-28T13:37:50.863872+00:00 [NEW] COSUSDT side=LONG entry=0.00287400 conf=90
2025-09-28T13:37:51.441477+00:00 [UPDATE] trade_id=458 tag=TP1
2025-09-28T13:37:54.513090+00:00 [UPDATE] trade_id=635 tag=TP1
2025-09-28T13:37:55.334750+00:00 [UPDATE] trade_id=77 tag=TP1
2025-09-28T13:37:55.905782+00:00 [UPDATE] trade_id=633 tag=TP1
2025-09-28T13:37:59.038804+00:00 [UPDATE] trade_id=628 tag=TP1
2025-09-28T13:38:02.183802+00:00 [UPDATE] trade_id=113 tag=TP3
2025-09-28T13:38:04.428167+00:00 [NEW] EIGENUSDT side=LONG entry=1.82000000 conf=90
2025-09-28T13:38:05.477496+00:00 [NEW] EIGENUSDT side=LONG entry=1.81320000 conf=90
2025-09-28T13:38:06.547312+00:00 [NEW] EIGENUSDT side=LONG entry=1.81430000 conf=90
2025-09-28T13:38:06.578238+00:00 [UPDATE] trade_id=47 tag=TP1
2025-09-28T13:38:07.627985+00:00 [UPDATE] trade_id=365 tag=TP1
2025-09-28T13:38:07.880670+00:00 [UPDATE] trade_id=3 tag=TP1
2025-09-28T13:38:08.289433+00:00 [UPDATE] trade_id=18 tag=TP1
2025-09-28T13:38:08.835054+00:00 [UPDATE] trade_id=444 tag=TP1
2025-09-28T13:38:10.080305+00:00 [UPDATE] trade_id=263 tag=TP1
2025-09-28T13:38:12.108511+00:00 [NEW] EIGENUSDT side=LONG entry=1.81820000 conf=90
2025-09-28T13:38:12.125201+00:00 [NEW] EIGENUSDT side=LONG entry=1.81520000 conf=90
2025-09-28T13:38:14.555104+00:00 [UPDATE] trade_id=526 tag=TP1
2025-09-28T13:38:14.738578+00:00 [UPDATE] trade_id=423 tag=TP1
2025-09-28T13:38:14.855622+00:00 [UPDATE] trade_id=27 tag=TP1
2025-09-28T13:38:15.886995+00:00 [UPDATE] trade_id=211 tag=TP1
2025-09-28T13:38:20.030409+00:00 [CLOSE] trade_id=442 exit=0.00353500 result=TP3 pnl=0.06668678334339162
2025-09-28T13:38:20.088171+00:00 [UPDATE] trade_id=505 tag=TP1
2025-09-28T13:38:21.694976+00:00 [UPDATE] trade_id=176 tag=TP1
2025-09-28T13:38:26.898492+00:00 [UPDATE] trade_id=532 tag=TP1
2025-09-28T13:38:27.172574+00:00 [UPDATE] trade_id=461 tag=TP1
2025-09-28T13:38:27.223673+00:00 [UPDATE] trade_id=530 tag=TP1
2025-09-28T13:38:27.943015+00:00 [NEW] EIGENUSDT side=LONG entry=1.82320000 conf=90
2025-09-28T13:38:29.225851+00:00 [UPDATE] trade_id=242 tag=TP1
2025-09-28T13:38:32.598354+00:00 [UPDATE] trade_id=219 tag=TP1
2025-09-28T13:38:34.153180+00:00 [NEW] EIGENUSDT side=LONG entry=1.81340000 conf=90
2025-09-28T13:38:34.459122+00:00 [UPDATE] trade_id=642 tag=TP1
2025-09-28T13:38:36.227138+00:00 [NEW] EIGENUSDT side=LONG entry=1.82130000 conf=90
2025-09-28T13:38:37.139040+00:00 [UPDATE] trade_id=428 tag=TP1
2025-09-28T13:38:38.938646+00:00 [UPDATE] trade_id=430 tag=TP1
2025-09-28T13:38:40.544724+00:00 [UPDATE] trade_id=572 tag=TP1
2025-09-28T13:38:41.271254+00:00 [NEW] EIGENUSDT side=LONG entry=1.81930000 conf=90
2025-09-28T13:38:44.907285+00:00 [UPDATE] trade_id=366 tag=TP1
2025-09-28T13:38:47.322438+00:00 [UPDATE] trade_id=570 tag=TP1
2025-09-28T13:38:50.049194+00:00 [NEW] 1000CATUSDT side=LONG entry=0.00696700 conf=90
2025-09-28T13:38:51.008691+00:00 [NEW] 1000CATUSDT side=LONG entry=0.00697400 conf=90
2025-09-28T13:38:53.823324+00:00 [UPDATE] trade_id=38 tag=TP1
2025-09-28T13:38:58.648667+00:00 [UPDATE] trade_id=117 tag=TP1
2025-09-28T13:39:06.989873+00:00 [NEW] 1000CATUSDT side=LONG entry=0.00697300 conf=90
2025-09-28T13:39:08.590499+00:00 [NEW] 1000CATUSDT side=LONG entry=0.00698000 conf=90
2025-09-28T13:39:09.647967+00:00 [UPDATE] trade_id=220 tag=TP1
2025-09-28T13:39:10.481441+00:00 [NEW] 1000CATUSDT side=LONG entry=0.00697200 conf=90
2025-09-28T13:39:11.624687+00:00 [UPDATE] trade_id=314 tag=TP1
2025-09-28T13:39:12.898007+00:00 [UPDATE] trade_id=195 tag=TP1
2025-09-28T13:39:13.209450+00:00 [UPDATE] trade_id=112 tag=TP3
2025-09-28T13:39:13.881919+00:00 [CLOSE] trade_id=113 exit=0.70150000 result=TP3 pnl=0.03176937784968387
2025-09-28T13:39:18.914450+00:00 [UPDATE] trade_id=638 tag=TP1
2025-09-28T13:39:19.131183+00:00 [UPDATE] trade_id=529 tag=TP1
2025-09-28T13:39:25.525059+00:00 [UPDATE] trade_id=481 tag=TP1
2025-09-28T13:39:26.638549+00:00 [UPDATE] trade_id=188 tag=TP1
2025-09-28T13:39:28.092099+00:00 [UPDATE] trade_id=587 tag=TP1
2025-09-28T13:39:30.061277+00:00 [NEW] 1000CATUSDT side=LONG entry=0.00697500 conf=90
2025-09-28T13:39:31.853661+00:00 [NEW] 1000CATUSDT side=LONG entry=0.00697200 conf=90
2025-09-28T13:39:34.058432+00:00 [UPDATE] trade_id=186 tag=TP1
2025-09-28T13:39:34.387786+00:00 [UPDATE] trade_id=531 tag=TP1
2025-09-28T13:39:36.758519+00:00 [NEW] 1000CATUSDT side=LONG entry=0.00697200 conf=90
2025-09-28T13:39:36.761409+00:00 [UPDATE] trade_id=584 tag=TP1
2025-09-28T13:39:38.337924+00:00 [UPDATE] trade_id=546 tag=TP1
2025-09-28T13:39:38.588476+00:00 [UPDATE] trade_id=588 tag=TP1
2025-09-28T13:39:40.063121+00:00 [UPDATE] trade_id=98 tag=TP1
2025-09-28T13:39:48.090437+00:00 [UPDATE] trade_id=118 tag=TP1
2025-09-28T13:39:49.001571+00:00 [NEW] SCRUSDT side=LONG entry=0.27380000 conf=90
2025-09-28T13:39:49.563243+00:00 [UPDATE] trade_id=653 tag=TP1
2025-09-28T13:39:52.979853+00:00 [UPDATE] trade_id=496 tag=TP1
2025-09-28T13:39:53.403377+00:00 [NEW] SCRUSDT side=LONG entry=0.27400000 conf=90
2025-09-28T13:39:54.713718+00:00 [UPDATE] trade_id=590 tag=TP1
2025-09-28T13:39:55.564608+00:00 [UPDATE] trade_id=637 tag=TP1
2025-09-28T13:39:55.566074+00:00 [NEW] SCRUSDT side=LONG entry=0.27390000 conf=90
2025-09-28T13:39:55.579368+00:00 [NEW] SCRUSDT side=LONG entry=0.27440000 conf=90
2025-09-28T13:39:56.172966+00:00 [UPDATE] trade_id=192 tag=TP1
2025-09-28T13:39:57.552544+00:00 [UPDATE] trade_id=640 tag=TP1
2025-09-28T13:39:57.824085+00:00 [NEW] SCRUSDT side=LONG entry=0.27390000 conf=90
2025-09-28T13:40:01.212503+00:00 [CLOSE] trade_id=112 exit=0.70200000 result=TP3 pnl=0.03494029190623609
2025-09-28T13:40:03.415106+00:00 [UPDATE] trade_id=636 tag=TP1
2025-09-28T13:40:04.771824+00:00 [UPDATE] trade_id=639 tag=TP1
2025-09-28T13:40:07.227351+00:00 [UPDATE] trade_id=85 tag=TP1
2025-09-28T13:40:12.342600+00:00 [NEW] SCRUSDT side=LONG entry=0.27380000 conf=90
2025-09-28T13:40:13.941198+00:00 [UPDATE] trade_id=94 tag=TP1
2025-09-28T13:40:20.697107+00:00 [NEW] SCRUSDT side=LONG entry=0.27410000 conf=90
2025-09-28T13:40:21.285917+00:00 [UPDATE] trade_id=189 tag=TP1
2025-09-28T13:40:23.304051+00:00 [NEW] SCRUSDT side=LONG entry=0.27430000 conf=90
2025-09-28T13:40:23.403883+00:00 [CLOSE] trade_id=506 exit=0.53960000 result=SL pnl=-0.002403401737844479
2025-09-28T13:40:26.740656+00:00 [NEW] SCRUSDT side=LONG entry=0.27430000 conf=90
2025-09-28T13:40:44.765761+00:00 [NEW] GOATUSDT side=LONG entry=0.07783000 conf=90
2025-09-28T13:40:49.571166+00:00 [NEW] GOATUSDT side=LONG entry=0.07778000 conf=90
2025-09-28T13:40:49.590990+00:00 [NEW] GOATUSDT side=LONG entry=0.07775000 conf=90
2025-09-28T13:40:52.520423+00:00 [NEW] GOATUSDT side=LONG entry=0.07769000 conf=90
2025-09-28T13:41:08.537203+00:00 [NEW] GOATUSDT side=LONG entry=0.07771000 conf=90
2025-09-28T13:41:10.191564+00:00 [UPDATE] trade_id=116 tag=TP1
2025-09-28T13:41:16.485732+00:00 [NEW] GOATUSDT side=LONG entry=0.07777000 conf=90
2025-09-28T13:41:18.910727+00:00 [NEW] GOATUSDT side=LONG entry=0.07775000 conf=90
2025-09-28T13:41:23.913692+00:00 [NEW] GOATUSDT side=LONG entry=0.07798000 conf=90
2025-09-28T13:41:44.904934+00:00 [NEW] MOODENGUSDT side=LONG entry=0.14468000 conf=90
2025-09-28T13:41:49.262289+00:00 [UPDATE] trade_id=592 tag=TP1
2025-09-28T13:42:15.568305+00:00 [UPDATE] trade_id=196 tag=TP1
2025-09-28T13:42:18.216235+00:00 [NEW] MOODENGUSDT side=LONG entry=0.14461000 conf=90
2025-09-28T13:42:18.755794+00:00 [UPDATE] trade_id=515 tag=TP1
2025-09-28T13:42:43.745803+00:00 [UPDATE] trade_id=390 tag=TP1
2025-09-28T13:43:29.518599+00:00 [UPDATE] trade_id=518 tag=TP1
2025-09-28T13:43:41.473627+00:00 [UPDATE] trade_id=419 tag=TP1
2025-09-28T13:43:45.136033+00:00 [UPDATE] trade_id=644 tag=TP1
2025-09-28T13:43:59.295110+00:00 [NEW] COWUSDT side=LONG entry=0.28380000 conf=90
2025-09-28T13:44:01.475355+00:00 [NEW] COWUSDT side=LONG entry=0.28320000 conf=90
2025-09-28T13:44:14.068157+00:00 [UPDATE] trade_id=544 tag=TP1
2025-09-28T13:44:15.072701+00:00 [UPDATE] trade_id=416 tag=TP1
2025-09-28T13:44:31.856539+00:00 [NEW] COWUSDT side=LONG entry=0.28310000 conf=90
2025-09-28T13:44:43.461938+00:00 [UPDATE] trade_id=226 tag=TP1
2025-09-28T13:45:30.967012+00:00 [UPDATE] trade_id=672 tag=TP1
2025-09-28T13:46:12.265129+00:00 [NEW] 1000000MOGUSDT side=LONG entry=0.62810000 conf=90
2025-09-28T13:47:28.247565+00:00 [UPDATE] trade_id=675 tag=TP1
2025-09-28T13:47:30.537478+00:00 [UPDATE] trade_id=673 tag=TP1
2025-09-28T13:48:11.149113+00:00 [CLOSE] trade_id=257 exit=0.02648000 result=SL pnl=-0.00417140690178229
2025-09-28T13:48:49.945115+00:00 [UPDATE] trade_id=57 tag=TP2
2025-09-28T13:49:57.716433+00:00 [UPDATE] trade_id=57 tag=TP3
2025-09-28T13:51:01.869771+00:00 [CLOSE] trade_id=57 exit=0.05160000 result=TP3 pnl=0.10256410256410253
2025-09-28T13:51:26.442152+00:00 [UPDATE] trade_id=345 tag=TP1
2025-09-28T13:51:46.317021+00:00 [UPDATE] trade_id=467 tag=TP1
2025-09-28T13:52:56.577712+00:00 [UPDATE] trade_id=266 tag=TP1
2025-09-28T13:53:06.101884+00:00 [UPDATE] trade_id=338 tag=TP1
2025-09-28T13:53:18.559851+00:00 [UPDATE] trade_id=605 tag=TP1
2025-09-28T13:53:33.424003+00:00 [UPDATE] trade_id=498 tag=TP1
2025-09-28T13:55:01.844313+00:00 [UPDATE] trade_id=348 tag=TP1
2025-09-28T13:55:28.545978+00:00 [UPDATE] trade_id=352 tag=TP1
2025-09-28T13:55:31.920447+00:00 [UPDATE] trade_id=671 tag=TP1
2025-09-28T13:55:36.634751+00:00 [UPDATE] trade_id=354 tag=TP1
2025-09-28T13:55:36.721265+00:00 [UPDATE] trade_id=313 tag=TP1
2025-09-28T13:55:37.511319+00:00 [UPDATE] trade_id=470 tag=TP1
2025-09-28T13:55:38.705049+00:00 [UPDATE] trade_id=380 tag=TP1
2025-09-28T13:55:48.111357+00:00 [UPDATE] trade_id=558 tag=TP1
2025-09-28T13:55:50.040759+00:00 [UPDATE] trade_id=320 tag=TP1
2025-09-28T13:55:53.613943+00:00 [UPDATE] trade_id=431 tag=TP1
2025-09-28T13:55:54.382178+00:00 [UPDATE] trade_id=364 tag=TP1
2025-09-28T13:56:10.521814+00:00 [UPDATE] trade_id=253 tag=TP1
2025-09-28T13:56:28.396845+00:00 [UPDATE] trade_id=623 tag=TP1
2025-09-28T13:56:30.400683+00:00 [UPDATE] trade_id=631 tag=TP2
2025-09-28T13:56:32.330984+00:00 [UPDATE] trade_id=499 tag=TP1
2025-09-28T13:56:36.162381+00:00 [UPDATE] trade_id=541 tag=TP1
2025-09-28T13:56:36.383169+00:00 [UPDATE] trade_id=213 tag=TP1
2025-09-28T13:56:40.753506+00:00 [UPDATE] trade_id=454 tag=TP1
2025-09-28T13:56:41.108138+00:00 [UPDATE] trade_id=664 tag=TP1
2025-09-28T13:56:54.924771+00:00 [UPDATE] trade_id=607 tag=TP1
2025-09-28T13:56:55.512701+00:00 [UPDATE] trade_id=660 tag=TP1
2025-09-28T13:57:01.348665+00:00 [UPDATE] trade_id=556 tag=TP1
2025-09-28T13:57:12.524598+00:00 [UPDATE] trade_id=404 tag=TP1
2025-09-28T13:57:16.962116+00:00 [UPDATE] trade_id=521 tag=TP1
2025-09-28T13:57:23.746514+00:00 [UPDATE] trade_id=652 tag=TP1
2025-09-28T13:57:33.042331+00:00 [UPDATE] trade_id=391 tag=TP1
2025-09-28T13:57:45.223599+00:00 [UPDATE] trade_id=414 tag=TP1
2025-09-28T13:57:50.536666+00:00 [UPDATE] trade_id=519 tag=TP1
2025-09-28T13:57:59.772057+00:00 [UPDATE] trade_id=367 tag=TP1
2025-09-28T13:58:00.533032+00:00 [UPDATE] trade_id=502 tag=TP1
2025-09-28T13:58:03.458267+00:00 [UPDATE] trade_id=510 tag=TP1
2025-09-28T13:58:11.902844+00:00 [UPDATE] trade_id=598 tag=TP1
2025-09-28T13:58:12.551223+00:00 [UPDATE] trade_id=275 tag=TP1
2025-09-28T13:58:17.015800+00:00 [UPDATE] trade_id=405 tag=TP1
2025-09-28T13:58:17.263506+00:00 [UPDATE] trade_id=614 tag=TP1
2025-09-28T13:58:27.207541+00:00 [UPDATE] trade_id=448 tag=TP1
2025-09-28T13:58:37.300294+00:00 [UPDATE] trade_id=593 tag=TP1
2025-09-28T13:58:41.369759+00:00 [UPDATE] trade_id=574 tag=TP1
2025-09-28T13:58:45.562503+00:00 [UPDATE] trade_id=647 tag=TP1
2025-09-28T13:58:51.300083+00:00 [UPDATE] trade_id=379 tag=TP1
2025-09-28T13:58:52.107978+00:00 [UPDATE] trade_id=415 tag=TP1
2025-09-28T13:59:00.206688+00:00 [UPDATE] trade_id=495 tag=TP1
2025-09-28T13:59:08.633902+00:00 [UPDATE] trade_id=487 tag=TP1
2025-09-28T13:59:10.498426+00:00 [UPDATE] trade_id=445 tag=TP1
2025-09-28T13:59:26.909283+00:00 [UPDATE] trade_id=183 tag=TP1
2025-09-28T13:59:34.580515+00:00 [UPDATE] trade_id=616 tag=TP1
2025-09-28T13:59:35.719043+00:00 [UPDATE] trade_id=561 tag=TP1
2025-09-28T13:59:39.696514+00:00 [UPDATE] trade_id=578 tag=TP1
2025-09-28T13:59:43.425122+00:00 [UPDATE] trade_id=337 tag=TP1
2025-09-28T13:59:51.520481+00:00 [UPDATE] trade_id=441 tag=TP1
2025-09-28T13:59:56.833653+00:00 [UPDATE] trade_id=446 tag=TP1
2025-09-28T14:00:10.198085+00:00 [UPDATE] trade_id=327 tag=TP1
2025-09-28T14:00:10.667386+00:00 [UPDATE] trade_id=432 tag=TP1
2025-09-28T14:00:26.488601+00:00 [UPDATE] trade_id=299 tag=TP1
2025-09-28T14:00:33.147251+00:00 [UPDATE] trade_id=433 tag=TP1
2025-09-28T14:00:39.378430+00:00 [UPDATE] trade_id=302 tag=TP1
2025-09-28T14:00:44.411592+00:00 [UPDATE] trade_id=377 tag=TP1
2025-09-28T14:00:46.140938+00:00 [UPDATE] trade_id=566 tag=TP1
2025-09-28T14:00:46.609046+00:00 [UPDATE] trade_id=668 tag=TP1
2025-09-28T14:00:48.504508+00:00 [UPDATE] trade_id=181 tag=TP1
2025-09-28T14:00:52.558421+00:00 [UPDATE] trade_id=336 tag=TP1
2025-09-28T14:00:53.338190+00:00 [UPDATE] trade_id=293 tag=TP1
2025-09-28T14:00:53.689954+00:00 [UPDATE] trade_id=294 tag=TP1
2025-09-28T14:00:55.166714+00:00 [UPDATE] trade_id=478 tag=TP1
2025-09-28T14:00:56.213359+00:00 [UPDATE] trade_id=300 tag=TP1
2025-09-28T14:00:56.218464+00:00 [UPDATE] trade_id=609 tag=TP1
2025-09-28T14:00:56.745419+00:00 [UPDATE] trade_id=474 tag=TP1
2025-09-28T14:00:57.101532+00:00 [UPDATE] trade_id=659 tag=TP1
2025-09-28T14:00:57.111182+00:00 [UPDATE] trade_id=321 tag=TP1
2025-09-28T14:00:57.604547+00:00 [UPDATE] trade_id=296 tag=TP1
2025-09-28T14:00:57.608563+00:00 [UPDATE] trade_id=503 tag=TP1
2025-09-28T14:01:02.275580+00:00 [UPDATE] trade_id=376 tag=TP1
2025-09-28T14:01:02.434801+00:00 [UPDATE] trade_id=297 tag=TP1
2025-09-28T14:01:02.833161+00:00 [UPDATE] trade_id=88 tag=TP1
2025-09-28T14:01:03.314148+00:00 [UPDATE] trade_id=32 tag=TP2
2025-09-28T14:01:04.914093+00:00 [UPDATE] trade_id=215 tag=TP1
2025-09-28T14:01:05.146835+00:00 [UPDATE] trade_id=666 tag=TP1
2025-09-28T14:01:05.193196+00:00 [UPDATE] trade_id=298 tag=TP1
2025-09-28T14:01:05.524180+00:00 [UPDATE] trade_id=311 tag=TP1
2025-09-28T14:01:05.795339+00:00 [UPDATE] trade_id=132 tag=TP1
2025-09-28T14:01:05.963186+00:00 [UPDATE] trade_id=194 tag=TP1
2025-09-28T14:01:06.238978+00:00 [UPDATE] trade_id=656 tag=TP1
2025-09-28T14:01:06.923196+00:00 [UPDATE] trade_id=667 tag=TP1
2025-09-28T14:01:07.354507+00:00 [UPDATE] trade_id=277 tag=TP1
2025-09-28T14:01:07.593845+00:00 [UPDATE] trade_id=409 tag=TP1
2025-09-28T14:01:07.813351+00:00 [UPDATE] trade_id=301 tag=TP1
2025-09-28T14:01:08.808458+00:00 [UPDATE] trade_id=55 tag=TP1
2025-09-28T14:01:10.235388+00:00 [UPDATE] trade_id=322 tag=TP1
2025-09-28T14:01:10.998938+00:00 [UPDATE] trade_id=97 tag=TP1
2025-09-28T14:01:11.620656+00:00 [UPDATE] trade_id=559 tag=TP1
2025-09-28T14:01:11.920082+00:00 [UPDATE] trade_id=513 tag=TP1
2025-09-28T14:01:13.471830+00:00 [UPDATE] trade_id=438 tag=TP1
2025-09-28T14:01:15.624875+00:00 [UPDATE] trade_id=508 tag=TP1
2025-09-28T14:01:17.274734+00:00 [UPDATE] trade_id=252 tag=TP1
2025-09-28T14:01:17.790722+00:00 [UPDATE] trade_id=100 tag=TP1
2025-09-28T14:01:18.143227+00:00 [UPDATE] trade_id=490 tag=TP1
2025-09-28T14:01:19.322715+00:00 [UPDATE] trade_id=443 tag=TP1
2025-09-28T14:01:21.098986+00:00 [UPDATE] trade_id=340 tag=TP1
2025-09-28T14:01:21.381466+00:00 [UPDATE] trade_id=557 tag=TP1
2025-09-28T14:01:21.570540+00:00 [UPDATE] trade_id=212 tag=TP1
2025-09-28T14:01:22.204982+00:00 [UPDATE] trade_id=244 tag=TP1
2025-09-28T14:01:22.508704+00:00 [UPDATE] trade_id=440 tag=TP1
2025-09-28T14:01:25.471710+00:00 [UPDATE] trade_id=456 tag=TP1
2025-09-28T14:01:26.036991+00:00 [UPDATE] trade_id=563 tag=TP1
2025-09-28T14:01:26.040045+00:00 [UPDATE] trade_id=576 tag=TP1
2025-09-28T14:01:26.258329+00:00 [UPDATE] trade_id=500 tag=TP1
2025-09-28T14:01:26.612103+00:00 [UPDATE] trade_id=251 tag=TP1
2025-09-28T14:01:27.241749+00:00 [UPDATE] trade_id=131 tag=TP1
2025-09-28T14:01:27.349337+00:00 [UPDATE] trade_id=351 tag=TP1
2025-09-28T14:01:27.846664+00:00 [UPDATE] trade_id=618 tag=TP1
2025-09-28T14:01:28.522705+00:00 [UPDATE] trade_id=475 tag=TP1
2025-09-28T14:01:28.771600+00:00 [UPDATE] trade_id=375 tag=TP1
2025-09-28T14:01:29.037303+00:00 [UPDATE] trade_id=371 tag=TP1
2025-09-28T14:01:31.155119+00:00 [UPDATE] trade_id=410 tag=TP1
2025-09-28T14:01:32.118456+00:00 [UPDATE] trade_id=480 tag=TP1
2025-09-28T14:01:32.471127+00:00 [UPDATE] trade_id=548 tag=TP1
2025-09-28T14:01:33.463291+00:00 [UPDATE] trade_id=103 tag=TP1
2025-09-28T14:01:34.945910+00:00 [UPDATE] trade_id=318 tag=TP1
2025-09-28T14:01:36.036385+00:00 [UPDATE] trade_id=146 tag=TP1
2025-09-28T14:01:36.068868+00:00 [UPDATE] trade_id=581 tag=TP1
2025-09-28T14:01:36.445929+00:00 [UPDATE] trade_id=119 tag=TP1
2025-09-28T14:01:37.720851+00:00 [UPDATE] trade_id=269 tag=TP1
2025-09-28T14:01:40.541147+00:00 [UPDATE] trade_id=601 tag=TP1
2025-09-28T14:01:40.997265+00:00 [UPDATE] trade_id=522 tag=TP1
2025-09-28T14:01:40.997563+00:00 [UPDATE] trade_id=552 tag=TP1
2025-09-28T14:01:41.657237+00:00 [UPDATE] trade_id=69 tag=TP1
2025-09-28T14:01:43.248161+00:00 [UPDATE] trade_id=486 tag=TP1
2025-09-28T14:01:43.928510+00:00 [UPDATE] trade_id=264 tag=TP1
2025-09-28T14:01:45.434480+00:00 [UPDATE] trade_id=610 tag=TP1
2025-09-28T14:01:45.435577+00:00 [UPDATE] trade_id=325 tag=TP1
2025-09-28T14:01:46.715631+00:00 [UPDATE] trade_id=272 tag=TP1
2025-09-28T14:01:47.683019+00:00 [UPDATE] trade_id=343 tag=TP1
2025-09-28T14:01:49.503205+00:00 [UPDATE] trade_id=655 tag=TP1
2025-09-28T14:01:49.656456+00:00 [UPDATE] trade_id=457 tag=TP1
2025-09-28T14:01:50.751561+00:00 [UPDATE] trade_id=111 tag=TP1
2025-09-28T14:01:51.288696+00:00 [UPDATE] trade_id=604 tag=TP1
2025-09-28T14:01:51.304244+00:00 [UPDATE] trade_id=243 tag=TP1
2025-09-28T14:01:52.826954+00:00 [UPDATE] trade_id=165 tag=TP1
2025-09-28T14:01:53.144885+00:00 [UPDATE] trade_id=144 tag=TP1
2025-09-28T14:01:53.778326+00:00 [UPDATE] trade_id=177 tag=TP1
2025-09-28T14:01:55.559352+00:00 [UPDATE] trade_id=53 tag=TP1
2025-09-28T14:01:57.741362+00:00 [UPDATE] trade_id=398 tag=TP1
2025-09-28T14:01:58.031221+00:00 [UPDATE] trade_id=579 tag=TP1
2025-09-28T14:02:07.947638+00:00 [UPDATE] trade_id=292 tag=TP1
2025-09-28T14:02:08.189637+00:00 [UPDATE] trade_id=599 tag=TP1
2025-09-28T14:02:08.792065+00:00 [UPDATE] trade_id=569 tag=TP1
2025-09-28T14:02:09.498215+00:00 [UPDATE] trade_id=245 tag=TP1
2025-09-28T14:02:09.821539+00:00 [UPDATE] trade_id=362 tag=TP1
2025-09-28T14:02:09.911636+00:00 [UPDATE] trade_id=551 tag=TP1
2025-09-28T14:02:11.212951+00:00 [UPDATE] trade_id=347 tag=TP1
2025-09-28T14:02:14.780135+00:00 [UPDATE] trade_id=595 tag=TP1
2025-09-28T14:02:15.457948+00:00 [UPDATE] trade_id=271 tag=TP1
2025-09-28T14:02:15.682057+00:00 [CLOSE] trade_id=399 exit=0.02861000 result=SL pnl=-0.0026841426430090523
2025-09-28T14:02:16.050752+00:00 [UPDATE] trade_id=210 tag=TP1
2025-09-28T14:02:16.492058+00:00 [UPDATE] trade_id=35 tag=TP2
2025-09-28T14:02:17.632313+00:00 [UPDATE] trade_id=324 tag=TP1
2025-09-28T14:02:22.733671+00:00 [UPDATE] trade_id=319 tag=TP1
2025-09-28T14:02:23.726039+00:00 [UPDATE] trade_id=545 tag=TP1
2025-09-28T14:02:37.762728+00:00 [UPDATE] trade_id=549 tag=TP1
2025-09-28T14:02:42.866754+00:00 [CLOSE] trade_id=9 exit=284.62000000 result=SL pnl=-0.0026420544615493005
2025-09-28T14:03:01.508847+00:00 [UPDATE] trade_id=178 tag=TP1
2025-09-28T14:03:47.163049+00:00 [UPDATE] trade_id=550 tag=TP1
2025-09-28T14:04:51.598782+00:00 [UPDATE] trade_id=459 tag=TP1
2025-09-28T14:05:14.931647+00:00 [UPDATE] trade_id=509 tag=TP3
2025-09-28T14:05:35.744241+00:00 [UPDATE] trade_id=586 tag=TP1
2025-09-28T14:05:45.128831+00:00 [UPDATE] trade_id=381 tag=TP1
2025-09-28T14:05:45.670788+00:00 [UPDATE] trade_id=600 tag=TP1
2025-09-28T14:05:47.206188+00:00 [UPDATE] trade_id=611 tag=TP1
2025-09-28T14:05:47.255069+00:00 [UPDATE] trade_id=2 tag=TP1
2025-09-28T14:05:47.345758+00:00 [UPDATE] trade_id=591 tag=TP1
2025-09-28T14:05:48.843966+00:00 [UPDATE] trade_id=466 tag=TP1
2025-09-28T14:05:52.369566+00:00 [UPDATE] trade_id=179 tag=TP1
2025-09-28T14:05:53.995312+00:00 [UPDATE] trade_id=107 tag=TP1
2025-09-28T14:05:55.383021+00:00 [UPDATE] trade_id=606 tag=TP1
2025-09-28T14:05:55.735211+00:00 [UPDATE] trade_id=542 tag=TP1
2025-09-28T14:05:58.335188+00:00 [UPDATE] trade_id=501 tag=TP1
2025-09-28T14:06:00.469846+00:00 [UPDATE] trade_id=482 tag=TP1
2025-09-28T14:06:01.605913+00:00 [UPDATE] trade_id=596 tag=TP1
2025-09-28T14:06:05.482773+00:00 [UPDATE] trade_id=543 tag=TP1
2025-09-28T14:06:06.468246+00:00 [UPDATE] trade_id=547 tag=TP1
2025-09-28T14:06:07.179372+00:00 [UPDATE] trade_id=85 tag=TP2
2025-09-28T14:06:07.329812+00:00 [UPDATE] trade_id=594 tag=TP1
2025-09-28T14:06:11.166569+00:00 [UPDATE] trade_id=372 tag=TP1
2025-09-28T14:06:13.174334+00:00 [UPDATE] trade_id=256 tag=TP1
2025-09-28T14:06:13.292051+00:00 [UPDATE] trade_id=105 tag=TP1
2025-09-28T14:06:13.330957+00:00 [UPDATE] trade_id=597 tag=TP1
2025-09-28T14:06:13.369417+00:00 [UPDATE] trade_id=589 tag=TP1
2025-09-28T14:06:15.029884+00:00 [UPDATE] trade_id=670 tag=TP1
2025-09-28T14:06:16.509507+00:00 [UPDATE] trade_id=74 tag=TP1
2025-09-28T14:06:17.122190+00:00 [UPDATE] trade_id=58 tag=TP1
2025-09-28T14:06:17.297492+00:00 [UPDATE] trade_id=182 tag=TP1
2025-09-28T14:06:17.417193+00:00 [UPDATE] trade_id=30 tag=TP1
2025-09-28T14:06:17.741067+00:00 [UPDATE] trade_id=555 tag=TP1
2025-09-28T14:06:20.023066+00:00 [UPDATE] trade_id=373 tag=TP1
2025-09-28T14:06:21.239702+00:00 [CLOSE] trade_id=509 exit=0.05606000 result=TP3 pnl=0.041813789258502175
2025-09-28T14:06:21.747766+00:00 [UPDATE] trade_id=310 tag=TP1
2025-09-28T14:06:25.153556+00:00 [UPDATE] trade_id=155 tag=TP1
2025-09-28T14:06:26.294195+00:00 [UPDATE] trade_id=153 tag=TP1
2025-09-28T14:06:26.301725+00:00 [UPDATE] trade_id=658 tag=TP1
2025-09-28T14:06:28.735710+00:00 [UPDATE] trade_id=341 tag=TP1
2025-09-28T14:06:29.547623+00:00 [UPDATE] trade_id=370 tag=TP1
2025-09-28T14:06:30.462289+00:00 [UPDATE] trade_id=184 tag=TP1
2025-09-28T14:06:31.428994+00:00 [UPDATE] trade_id=654 tag=TP1
2025-09-28T14:06:32.820839+00:00 [UPDATE] trade_id=78 tag=TP1
2025-09-28T14:06:34.795831+00:00 [UPDATE] trade_id=60 tag=TP1
2025-09-28T14:06:38.619553+00:00 [UPDATE] trade_id=295 tag=TP1
2025-09-28T14:06:44.295762+00:00 [UPDATE] trade_id=603 tag=TP1
2025-09-28T14:06:45.209129+00:00 [UPDATE] trade_id=28 tag=TP2
2025-09-28T14:06:51.490299+00:00 [UPDATE] trade_id=316 tag=TP1
2025-09-28T14:06:52.803466+00:00 [UPDATE] trade_id=374 tag=TP1
2025-09-28T14:06:53.417744+00:00 [UPDATE] trade_id=657 tag=TP1
2025-09-28T14:07:20.246192+00:00 [UPDATE] trade_id=96 tag=TP1
2025-09-28T14:07:23.805085+00:00 [UPDATE] trade_id=46 tag=TP2
2025-09-28T14:07:27.859331+00:00 [UPDATE] trade_id=560 tag=TP1
2025-09-28T14:07:34.865452+00:00 [UPDATE] trade_id=553 tag=TP1
2025-09-28T14:07:39.238244+00:00 [UPDATE] trade_id=573 tag=TP1
2025-09-28T14:07:40.710109+00:00 [UPDATE] trade_id=452 tag=TP1
2025-09-28T14:07:43.799973+00:00 [CLOSE] trade_id=412 exit=0.04991000 result=SL pnl=-0.010311322625421369
2025-09-28T14:07:57.861893+00:00 [UPDATE] trade_id=214 tag=TP1
2025-09-28T14:08:01.951111+00:00 [UPDATE] trade_id=147 tag=TP1
2025-09-28T14:08:06.617900+00:00 [UPDATE] trade_id=85 tag=TP3
2025-09-28T14:08:26.671720+00:00 [UPDATE] trade_id=46 tag=TP3
2025-09-28T14:09:08.231437+00:00 [CLOSE] trade_id=85 exit=0.31700000 result=TP3 pnl=0.039344262295082005
2025-09-28T14:09:32.164600+00:00 [CLOSE] trade_id=46 exit=0.02640000 result=TP3 pnl=0.051792828685258925
2025-09-28T14:10:43.276936+00:00 [UPDATE] trade_id=626 tag=TP1
2025-09-28T14:13:09.018958+00:00 [UPDATE] trade_id=626 tag=TP2
2025-09-28T14:13:20.604843+00:00 [UPDATE] trade_id=623 tag=TP2
2025-09-28T14:13:44.320341+00:00 [UPDATE] trade_id=20 tag=TP1
2025-09-28T14:13:52.295263+00:00 [CLOSE] trade_id=204 exit=1.27040000 result=SL pnl=-0.008506985093264755
2025-09-28T14:13:53.798372+00:00 [UPDATE] trade_id=437 tag=TP1
2025-09-28T14:14:04.853814+00:00 [UPDATE] trade_id=624 tag=TP1
2025-09-28T14:14:10.766853+00:00 [UPDATE] trade_id=344 tag=TP1
2025-09-28T14:14:16.365987+00:00 [UPDATE] trade_id=267 tag=TP1
2025-09-28T14:14:17.883641+00:00 [UPDATE] trade_id=625 tag=TP1
2025-09-28T14:14:30.861145+00:00 [UPDATE] trade_id=674 tag=TP1
2025-09-28T14:14:32.441940+00:00 [UPDATE] trade_id=268 tag=TP1
2025-09-28T14:14:32.659193+00:00 [UPDATE] trade_id=123 tag=TP1
2025-09-28T14:14:35.003455+00:00 [UPDATE] trade_id=675 tag=TP2
2025-09-28T14:14:36.345110+00:00 [UPDATE] trade_id=627 tag=TP1
2025-09-28T14:14:40.091762+00:00 [UPDATE] trade_id=554 tag=TP1
2025-09-28T14:14:43.218381+00:00 [UPDATE] trade_id=349 tag=TP1
2025-09-28T14:14:43.765009+00:00 [UPDATE] trade_id=40 tag=TP1
2025-09-28T14:14:45.847838+00:00 [UPDATE] trade_id=110 tag=TP1
2025-09-28T14:14:46.656966+00:00 [UPDATE] trade_id=175 tag=TP1
2025-09-28T14:14:52.025165+00:00 [UPDATE] trade_id=315 tag=TP1
2025-09-28T14:14:52.401541+00:00 [UPDATE] trade_id=630 tag=TP1
2025-09-28T14:14:53.233239+00:00 [UPDATE] trade_id=180 tag=TP1
2025-09-28T14:14:54.102226+00:00 [UPDATE] trade_id=82 tag=TP1
2025-09-28T14:15:00.463349+00:00 [UPDATE] trade_id=621 tag=TP1
2025-09-28T14:15:01.429970+00:00 [UPDATE] trade_id=608 tag=TP1
2025-09-28T14:15:07.519946+00:00 [UPDATE] trade_id=346 tag=TP1
2025-09-28T14:15:09.913230+00:00 [UPDATE] trade_id=580 tag=TP1
2025-09-28T14:15:14.251258+00:00 [UPDATE] trade_id=355 tag=TP1
2025-09-28T14:15:37.583161+00:00 [CLOSE] trade_id=205 exit=1.27170000 result=SL pnl=-0.007724719101123611
2025-09-28T14:15:41.453911+00:00 [UPDATE] trade_id=339 tag=TP1
2025-09-28T14:15:45.011201+00:00 [UPDATE] trade_id=99 tag=TP1
2025-09-28T14:16:25.787800+00:00 [UPDATE] trade_id=68 tag=TP1
2025-09-28T14:16:36.475418+00:00 [UPDATE] trade_id=241 tag=TP1
2025-09-28T14:17:25.904425+00:00 [UPDATE] trade_id=148 tag=TP1
2025-09-28T14:17:29.438370+00:00 [UPDATE] trade_id=359 tag=TP1
2025-09-28T14:17:30.048888+00:00 [UPDATE] trade_id=162 tag=TP1
2025-09-28T14:17:36.650639+00:00 [UPDATE] trade_id=150 tag=TP1
2025-09-28T14:17:49.900920+00:00 [CLOSE] trade_id=232 exit=1.27610000 result=SL pnl=-0.004679822166757668
2025-09-28T14:18:20.362540+00:00 [UPDATE] trade_id=564 tag=TP1
2025-09-28T14:19:02.730014+00:00 [UPDATE] trade_id=363 tag=TP2
2025-09-28T14:19:39.141467+00:00 [UPDATE] trade_id=369 tag=TP2
2025-09-28T14:21:05.587400+00:00 [UPDATE] trade_id=615 tag=TP1
2025-09-28T14:21:05.707540+00:00 [UPDATE] trade_id=568 tag=TP1
2025-09-28T14:21:10.371849+00:00 [UPDATE] trade_id=164 tag=TP1
2025-09-28T14:21:11.341132+00:00 [UPDATE] trade_id=577 tag=TP1
2025-09-28T14:21:19.265015+00:00 [UPDATE] trade_id=493 tag=TP1
2025-09-28T14:21:20.772377+00:00 [UPDATE] trade_id=192 tag=TP2
2025-09-28T14:21:27.192498+00:00 [UPDATE] trade_id=575 tag=TP1
2025-09-28T14:21:29.748286+00:00 [UPDATE] trade_id=121 tag=TP1
2025-09-28T14:21:30.492916+00:00 [UPDATE] trade_id=620 tag=TP1
2025-09-28T14:21:36.526612+00:00 [UPDATE] trade_id=567 tag=TP1
2025-09-28T14:21:37.429493+00:00 [UPDATE] trade_id=434 tag=TP1
2025-09-28T14:21:37.888322+00:00 [UPDATE] trade_id=92 tag=TP1
2025-09-28T14:21:38.840846+00:00 [UPDATE] trade_id=357 tag=TP1
2025-09-28T14:21:47.380580+00:00 [UPDATE] trade_id=617 tag=TP1
2025-09-28T14:21:47.474851+00:00 [UPDATE] trade_id=255 tag=TP1
2025-09-28T14:21:48.518741+00:00 [UPDATE] trade_id=128 tag=TP1
2025-09-28T14:21:50.388752+00:00 [UPDATE] trade_id=472 tag=TP1
2025-09-28T14:22:08.082039+00:00 [UPDATE] trade_id=254 tag=TP1
2025-09-28T14:22:18.859006+00:00 [UPDATE] trade_id=172 tag=TP1
2025-09-28T14:22:19.001799+00:00 [UPDATE] trade_id=171 tag=TP1
2025-09-28T14:22:25.283497+00:00 [UPDATE] trade_id=118 tag=TP2
2025-09-28T14:22:26.284581+00:00 [UPDATE] trade_id=303 tag=TP1
2025-09-28T14:22:27.316824+00:00 [UPDATE] trade_id=439 tag=TP1
2025-09-28T14:22:27.866957+00:00 [UPDATE] trade_id=582 tag=TP1
2025-09-28T14:22:29.784152+00:00 [UPDATE] trade_id=19 tag=TP2
2025-09-28T14:22:34.840457+00:00 [UPDATE] trade_id=270 tag=TP1
2025-09-28T14:22:36.929660+00:00 [UPDATE] trade_id=323 tag=TP1
2025-09-28T14:22:37.180411+00:00 [UPDATE] trade_id=473 tag=TP1
2025-09-28T14:22:37.903918+00:00 [UPDATE] trade_id=201 tag=TP1
2025-09-28T14:22:38.976482+00:00 [UPDATE] trade_id=158 tag=TP2
2025-09-28T14:22:40.834338+00:00 [UPDATE] trade_id=170 tag=TP1
2025-09-28T14:22:45.151695+00:00 [UPDATE] trade_id=174 tag=TP1
2025-09-28T14:22:46.217926+00:00 [UPDATE] trade_id=504 tag=TP1
2025-09-28T14:22:49.959943+00:00 [CLOSE] trade_id=536 exit=0.02604100 result=SL pnl=-0.0020693619467330327
2025-09-28T14:22:50.793019+00:00 [UPDATE] trade_id=479 tag=TP1
2025-09-28T14:22:59.721688+00:00 [UPDATE] trade_id=5 tag=TP2
2025-09-28T14:23:01.237248+00:00 [UPDATE] trade_id=350 tag=TP1
2025-09-28T14:23:10.461691+00:00 [UPDATE] trade_id=284 tag=TP1
2025-09-28T14:23:11.583743+00:00 [UPDATE] trade_id=218 tag=TP1
2025-09-28T14:23:39.439419+00:00 [UPDATE] trade_id=491 tag=TP1
2025-09-28T14:23:59.850744+00:00 [UPDATE] trade_id=613 tag=TP1
2025-09-28T14:24:02.472154+00:00 [UPDATE] trade_id=125 tag=TP1
2025-09-28T14:24:03.813802+00:00 [UPDATE] trade_id=675 tag=TP3
2025-09-28T14:24:26.017384+00:00 [UPDATE] trade_id=276 tag=TP1
2025-09-28T14:24:32.285968+00:00 [UPDATE] trade_id=280 tag=TP1
2025-09-28T14:24:35.871772+00:00 [UPDATE] trade_id=12 tag=TP1
2025-09-28T14:24:48.165797+00:00 [UPDATE] trade_id=587 tag=TP2
2025-09-28T14:24:51.982490+00:00 [UPDATE] trade_id=436 tag=TP1
2025-09-28T14:24:55.980115+00:00 [UPDATE] trade_id=127 tag=TP1
2025-09-28T14:24:57.481772+00:00 [UPDATE] trade_id=33 tag=TP2
